2021/09/22 08:18:55 [emerg] 1#1: host not found in upstream "express_server:3000" in /etc/nginx/conf.d/default.conf:13
2021/09/22 08:19:07 [emerg] 1#1: host not found in upstream "express_server:3000" in /etc/nginx/conf.d/default.conf:13
2021/09/22 08:19:19 [emerg] 1#1: host not found in upstream "express_server:3000" in /etc/nginx/conf.d/default.conf:13
2021/09/22 08:19:31 [emerg] 1#1: host not found in upstream "express_server:3000" in /etc/nginx/conf.d/default.conf:13
2021/09/22 08:19:43 [emerg] 1#1: host not found in upstream "express_server:3000" in /etc/nginx/conf.d/default.conf:13
2021/09/22 08:19:55 [emerg] 1#1: host not found in upstream "express_server:3000" in /etc/nginx/conf.d/default.conf:13
2021/09/22 08:20:06 [emerg] 1#1: host not found in upstream "express_server:3000" in /etc/nginx/conf.d/default.conf:13
2021/09/22 08:20:18 [emerg] 1#1: host not found in upstream "express_server:3000" in /etc/nginx/conf.d/default.conf:13
2021/09/22 08:20:30 [emerg] 1#1: host not found in upstream "express_server:3000" in /etc/nginx/conf.d/default.conf:13
2021/09/22 08:20:41 [emerg] 1#1: host not found in upstream "express_server:3000" in /etc/nginx/conf.d/default.conf:13
2021/09/22 08:20:53 [emerg] 1#1: host not found in upstream "express_server:3000" in /etc/nginx/conf.d/default.conf:13
2021/09/22 08:21:04 [emerg] 1#1: host not found in upstream "express_server:3000" in /etc/nginx/conf.d/default.conf:13
2021/09/22 08:21:16 [emerg] 1#1: host not found in upstream "express_server:3000" in /etc/nginx/conf.d/default.conf:13
2021/09/22 08:21:28 [emerg] 1#1: host not found in upstream "express_server:3000" in /etc/nginx/conf.d/default.conf:13
2021/09/22 08:21:39 [emerg] 1#1: host not found in upstream "express_server:3000" in /etc/nginx/conf.d/default.conf:13
2021/09/22 08:21:52 [emerg] 1#1: host not found in upstream "express_server:3000" in /etc/nginx/conf.d/default.conf:13
2021/09/22 08:22:03 [emerg] 1#1: host not found in upstream "express_server:3000" in /etc/nginx/conf.d/default.conf:13
2021/09/22 08:22:15 [emerg] 1#1: host not found in upstream "express_server:3000" in /etc/nginx/conf.d/default.conf:13
2021/09/22 08:22:27 [emerg] 1#1: host not found in upstream "express_server:3000" in /etc/nginx/conf.d/default.conf:13
2021/09/22 08:22:38 [emerg] 1#1: host not found in upstream "express_server:3000" in /etc/nginx/conf.d/default.conf:13
2021/09/22 08:22:50 [emerg] 1#1: host not found in upstream "express_server:3000" in /etc/nginx/conf.d/default.conf:13
2021/09/22 08:23:02 [emerg] 1#1: host not found in upstream "express_server:3000" in /etc/nginx/conf.d/default.conf:13
2021/09/22 08:23:13 [emerg] 1#1: host not found in upstream "express_server:3000" in /etc/nginx/conf.d/default.conf:13
2021/09/22 08:23:25 [emerg] 1#1: host not found in upstream "express_server:3000" in /etc/nginx/conf.d/default.conf:13
2021/09/22 08:23:37 [emerg] 1#1: host not found in upstream "express_server:3000" in /etc/nginx/conf.d/default.conf:13
2021/09/22 08:23:48 [emerg] 1#1: host not found in upstream "express_server:3000" in /etc/nginx/conf.d/default.conf:13
2021/09/22 08:24:00 [emerg] 1#1: host not found in upstream "express_server:3000" in /etc/nginx/conf.d/default.conf:13
2021/09/22 08:27:17 [emerg] 1#1: host not found in upstream "express_server:3000" in /etc/nginx/conf.d/default.conf:13
2021/09/22 08:27:29 [emerg] 1#1: host not found in upstream "express_server:3000" in /etc/nginx/conf.d/default.conf:13
2021/09/22 08:27:41 [emerg] 1#1: host not found in upstream "express_server:3000" in /etc/nginx/conf.d/default.conf:13
2021/09/22 08:27:53 [emerg] 1#1: host not found in upstream "express_server:3000" in /etc/nginx/conf.d/default.conf:13
2021/09/22 08:28:05 [emerg] 1#1: host not found in upstream "express_server:3000" in /etc/nginx/conf.d/default.conf:13
2021/09/22 08:28:16 [emerg] 1#1: host not found in upstream "express_server:3000" in /etc/nginx/conf.d/default.conf:13
2021/09/22 08:28:28 [emerg] 1#1: host not found in upstream "express_server:3000" in /etc/nginx/conf.d/default.conf:13
2021/09/22 08:28:40 [emerg] 1#1: host not found in upstream "express_server:3000" in /etc/nginx/conf.d/default.conf:13
2021/09/22 08:28:52 [emerg] 1#1: host not found in upstream "express_server:3000" in /etc/nginx/conf.d/default.conf:13
2021/09/22 08:29:04 [emerg] 1#1: host not found in upstream "express_server:3000" in /etc/nginx/conf.d/default.conf:13
2021/09/22 08:29:15 [emerg] 1#1: host not found in upstream "express_server:3000" in /etc/nginx/conf.d/default.conf:13
2021/09/22 08:29:27 [emerg] 1#1: host not found in upstream "express_server:3000" in /etc/nginx/conf.d/default.conf:13
2021/09/22 08:29:39 [emerg] 1#1: host not found in upstream "express_server:3000" in /etc/nginx/conf.d/default.conf:13
2021/09/22 08:30:19 [emerg] 1#1: host not found in upstream "express_server:3000" in /etc/nginx/conf.d/default.conf:13
2021/09/22 08:30:31 [emerg] 1#1: host not found in upstream "express_server:3000" in /etc/nginx/conf.d/default.conf:13
2021/09/22 08:30:43 [emerg] 1#1: host not found in upstream "express_server:3000" in /etc/nginx/conf.d/default.conf:13
2021/09/22 08:30:54 [emerg] 1#1: host not found in upstream "express_server:3000" in /etc/nginx/conf.d/default.conf:13
2021/09/22 08:31:06 [emerg] 1#1: host not found in upstream "express_server:3000" in /etc/nginx/conf.d/default.conf:13
2021/09/22 08:31:18 [emerg] 1#1: host not found in upstream "express_server:3000" in /etc/nginx/conf.d/default.conf:13
2021/09/22 08:31:30 [emerg] 1#1: host not found in upstream "express_server:3000" in /etc/nginx/conf.d/default.conf:13
2021/09/22 08:31:41 [emerg] 1#1: host not found in upstream "express_server:3000" in /etc/nginx/conf.d/default.conf:13
2021/09/22 08:31:53 [emerg] 1#1: host not found in upstream "express_server:3000" in /etc/nginx/conf.d/default.conf:13
2021/09/22 08:32:05 [emerg] 1#1: host not found in upstream "express_server:3000" in /etc/nginx/conf.d/default.conf:13
2021/09/22 08:32:17 [emerg] 1#1: host not found in upstream "express_server:3000" in /etc/nginx/conf.d/default.conf:13
2021/09/22 08:32:29 [emerg] 1#1: host not found in upstream "express_server:3000" in /etc/nginx/conf.d/default.conf:13
2021/09/22 08:32:40 [emerg] 1#1: host not found in upstream "express_server:3000" in /etc/nginx/conf.d/default.conf:13
2021/09/22 08:32:52 [emerg] 1#1: host not found in upstream "express_server:3000" in /etc/nginx/conf.d/default.conf:13
2021/09/22 08:33:32 [emerg] 1#1: host not found in upstream "express_server:3000" in /etc/nginx/conf.d/default.conf:13
2021/09/22 08:33:44 [emerg] 1#1: host not found in upstream "express_server:3000" in /etc/nginx/conf.d/default.conf:13
2021/09/22 08:33:56 [emerg] 1#1: host not found in upstream "express_server:3000" in /etc/nginx/conf.d/default.conf:13
2021/09/22 08:34:08 [emerg] 1#1: host not found in upstream "express_server:3000" in /etc/nginx/conf.d/default.conf:13
2021/09/22 08:34:20 [emerg] 1#1: host not found in upstream "express_server:3000" in /etc/nginx/conf.d/default.conf:13
2021/09/22 08:34:31 [emerg] 1#1: host not found in upstream "express_server:3000" in /etc/nginx/conf.d/default.conf:13
2021/09/22 08:34:43 [emerg] 1#1: host not found in upstream "express_server:3000" in /etc/nginx/conf.d/default.conf:13
2021/09/22 08:34:55 [emerg] 1#1: host not found in upstream "express_server:3000" in /etc/nginx/conf.d/default.conf:13
2021/09/22 08:35:07 [emerg] 1#1: host not found in upstream "express_server:3000" in /etc/nginx/conf.d/default.conf:13
2021/09/22 08:35:19 [emerg] 1#1: host not found in upstream "express_server:3000" in /etc/nginx/conf.d/default.conf:13
2021/09/22 08:35:30 [emerg] 1#1: host not found in upstream "express_server:3000" in /etc/nginx/conf.d/default.conf:13
2021/09/22 08:35:42 [emerg] 1#1: host not found in upstream "express_server:3000" in /etc/nginx/conf.d/default.conf:13
2021/09/22 08:35:54 [emerg] 1#1: host not found in upstream "express_server:3000" in /etc/nginx/conf.d/default.conf:13
2021/09/22 08:37:50 [emerg] 1#1: host not found in upstream "express_server:3000" in /etc/nginx/conf.d/default.conf:13
2021/09/22 08:38:02 [emerg] 1#1: host not found in upstream "express_server:3000" in /etc/nginx/conf.d/default.conf:13
2021/09/22 08:38:14 [emerg] 1#1: host not found in upstream "express_server:3000" in /etc/nginx/conf.d/default.conf:13
2021/09/22 08:38:26 [emerg] 1#1: host not found in upstream "express_server:3000" in /etc/nginx/conf.d/default.conf:13
2021/09/22 08:38:38 [emerg] 1#1: host not found in upstream "express_server:3000" in /etc/nginx/conf.d/default.conf:13
2021/09/22 08:38:50 [emerg] 1#1: host not found in upstream "express_server:3000" in /etc/nginx/conf.d/default.conf:13
2021/09/22 08:39:01 [emerg] 1#1: host not found in upstream "express_server:3000" in /etc/nginx/conf.d/default.conf:13
2021/09/22 08:39:13 [emerg] 1#1: host not found in upstream "express_server:3000" in /etc/nginx/conf.d/default.conf:13
2021/09/22 08:39:25 [emerg] 1#1: host not found in upstream "express_server:3000" in /etc/nginx/conf.d/default.conf:13
2021/09/22 08:39:37 [emerg] 1#1: host not found in upstream "express_server:3000" in /etc/nginx/conf.d/default.conf:13
2021/09/22 08:39:49 [emerg] 1#1: host not found in upstream "express_server:3000" in /etc/nginx/conf.d/default.conf:13
2021/09/22 08:40:01 [emerg] 1#1: host not found in upstream "express_server:3000" in /etc/nginx/conf.d/default.conf:13
2021/09/22 08:40:12 [emerg] 1#1: host not found in upstream "express_server:3000" in /etc/nginx/conf.d/default.conf:13
2021/09/22 08:40:24 [emerg] 1#1: host not found in upstream "express_server:3000" in /etc/nginx/conf.d/default.conf:13
2021/09/22 08:40:36 [emerg] 1#1: host not found in upstream "express_server:3000" in /etc/nginx/conf.d/default.conf:13
2021/09/22 08:40:48 [emerg] 1#1: host not found in upstream "express_server:3000" in /etc/nginx/conf.d/default.conf:13
2021/09/22 08:40:59 [emerg] 1#1: host not found in upstream "express_server:3000" in /etc/nginx/conf.d/default.conf:13
2021/09/22 08:41:11 [emerg] 1#1: host not found in upstream "express_server:3000" in /etc/nginx/conf.d/default.conf:13
2021/09/22 08:41:23 [emerg] 1#1: host not found in upstream "express_server:3000" in /etc/nginx/conf.d/default.conf:13
2021/09/22 08:41:35 [emerg] 1#1: host not found in upstream "express_server:3000" in /etc/nginx/conf.d/default.conf:13
2021/09/22 08:41:46 [emerg] 1#1: host not found in upstream "express_server:3000" in /etc/nginx/conf.d/default.conf:13
2021/09/22 08:41:58 [emerg] 1#1: host not found in upstream "express_server:3000" in /etc/nginx/conf.d/default.conf:13
2021/09/22 08:42:10 [emerg] 1#1: host not found in upstream "express_server:3000" in /etc/nginx/conf.d/default.conf:13
2021/09/22 08:42:22 [emerg] 1#1: host not found in upstream "express_server:3000" in /etc/nginx/conf.d/default.conf:13
2021/09/22 08:42:33 [emerg] 1#1: host not found in upstream "express_server:3000" in /etc/nginx/conf.d/default.conf:13
2021/09/22 08:43:55 [emerg] 1#1: host not found in upstream "express_server:3000" in /etc/nginx/conf.d/default.conf:13
2021/09/22 08:44:07 [emerg] 1#1: host not found in upstream "express_server:3000" in /etc/nginx/conf.d/default.conf:13
2021/09/22 08:44:19 [emerg] 1#1: host not found in upstream "express_server:3000" in /etc/nginx/conf.d/default.conf:13
2021/09/22 08:44:31 [emerg] 1#1: host not found in upstream "express_server:3000" in /etc/nginx/conf.d/default.conf:13
2021/09/22 08:44:42 [emerg] 1#1: host not found in upstream "express_server:3000" in /etc/nginx/conf.d/default.conf:13
2021/09/22 08:44:54 [emerg] 1#1: host not found in upstream "express_server:3000" in /etc/nginx/conf.d/default.conf:13
2021/09/22 08:45:06 [emerg] 1#1: host not found in upstream "express_server:3000" in /etc/nginx/conf.d/default.conf:13
2021/09/22 08:45:18 [emerg] 1#1: host not found in upstream "express_server:3000" in /etc/nginx/conf.d/default.conf:13
2021/09/22 08:45:30 [emerg] 1#1: host not found in upstream "express_server:3000" in /etc/nginx/conf.d/default.conf:13
2021/09/22 08:45:41 [emerg] 1#1: host not found in upstream "express_server:3000" in /etc/nginx/conf.d/default.conf:13
2021/09/22 08:45:53 [emerg] 1#1: host not found in upstream "express_server:3000" in /etc/nginx/conf.d/default.conf:13
2021/09/22 08:46:05 [emerg] 1#1: host not found in upstream "express_server:3000" in /etc/nginx/conf.d/default.conf:13
2021/09/22 08:46:17 [emerg] 1#1: host not found in upstream "express_server:3000" in /etc/nginx/conf.d/default.conf:13
2021/09/22 08:46:28 [emerg] 1#1: host not found in upstream "express_server:3000" in /etc/nginx/conf.d/default.conf:13
2021/09/22 08:46:40 [emerg] 1#1: host not found in upstream "express_server:3000" in /etc/nginx/conf.d/default.conf:13
2021/09/22 08:46:52 [emerg] 1#1: host not found in upstream "express_server:3000" in /etc/nginx/conf.d/default.conf:13
2021/09/22 08:47:04 [emerg] 1#1: host not found in upstream "express_server:3000" in /etc/nginx/conf.d/default.conf:13
2021/09/22 08:47:15 [emerg] 1#1: host not found in upstream "express_server:3000" in /etc/nginx/conf.d/default.conf:13
2021/09/22 08:47:27 [emerg] 1#1: host not found in upstream "express_server:3000" in /etc/nginx/conf.d/default.conf:13
2021/09/22 08:47:39 [emerg] 1#1: host not found in upstream "express_server:3000" in /etc/nginx/conf.d/default.conf:13
2021/09/22 08:47:51 [emerg] 1#1: host not found in upstream "express_server:3000" in /etc/nginx/conf.d/default.conf:13
2021/09/22 08:48:02 [emerg] 1#1: host not found in upstream "express_server:3000" in /etc/nginx/conf.d/default.conf:13
2021/09/22 08:48:14 [emerg] 1#1: host not found in upstream "express_server:3000" in /etc/nginx/conf.d/default.conf:13
2021/09/22 08:48:26 [emerg] 1#1: host not found in upstream "express_server:3000" in /etc/nginx/conf.d/default.conf:13
2021/09/22 08:48:38 [emerg] 1#1: host not found in upstream "express_server:3000" in /etc/nginx/conf.d/default.conf:13
2021/09/22 08:50:24 [emerg] 1#1: host not found in upstream "express_server:3000" in /etc/nginx/conf.d/default.conf:13
2021/09/22 08:50:36 [emerg] 1#1: host not found in upstream "express_server:3000" in /etc/nginx/conf.d/default.conf:13
2021/09/22 08:50:48 [emerg] 1#1: host not found in upstream "express_server:3000" in /etc/nginx/conf.d/default.conf:13
2021/09/22 08:51:00 [emerg] 1#1: host not found in upstream "express_server:3000" in /etc/nginx/conf.d/default.conf:13
2021/09/22 08:51:12 [emerg] 1#1: host not found in upstream "express_server:3000" in /etc/nginx/conf.d/default.conf:13
2021/09/22 08:51:24 [emerg] 1#1: host not found in upstream "express_server:3000" in /etc/nginx/conf.d/default.conf:13
2021/09/22 08:51:36 [emerg] 1#1: host not found in upstream "express_server:3000" in /etc/nginx/conf.d/default.conf:13
2021/09/22 08:51:48 [emerg] 1#1: host not found in upstream "express_server:3000" in /etc/nginx/conf.d/default.conf:13
2021/09/22 08:52:00 [emerg] 1#1: host not found in upstream "express_server:3000" in /etc/nginx/conf.d/default.conf:13
2021/09/22 08:52:12 [emerg] 1#1: host not found in upstream "express_server:3000" in /etc/nginx/conf.d/default.conf:13
2021/09/22 08:52:24 [emerg] 1#1: host not found in upstream "express_server:3000" in /etc/nginx/conf.d/default.conf:13
2021/09/22 08:52:36 [emerg] 1#1: host not found in upstream "express_server:3000" in /etc/nginx/conf.d/default.conf:13
2021/09/22 08:52:48 [emerg] 1#1: host not found in upstream "express_server:3000" in /etc/nginx/conf.d/default.conf:13
2021/09/22 08:53:00 [emerg] 1#1: host not found in upstream "express_server:3000" in /etc/nginx/conf.d/default.conf:13
2021/09/22 08:53:12 [emerg] 1#1: host not found in upstream "express_server:3000" in /etc/nginx/conf.d/default.conf:13
2021/09/22 08:53:23 [emerg] 1#1: host not found in upstream "express_server:3000" in /etc/nginx/conf.d/default.conf:13
2021/09/22 08:53:35 [emerg] 1#1: host not found in upstream "express_server:3000" in /etc/nginx/conf.d/default.conf:13
2021/09/22 08:53:47 [emerg] 1#1: host not found in upstream "express_server:3000" in /etc/nginx/conf.d/default.conf:13
2021/09/22 08:53:59 [emerg] 1#1: host not found in upstream "express_server:3000" in /etc/nginx/conf.d/default.conf:13
2021/09/22 08:54:11 [emerg] 1#1: host not found in upstream "express_server:3000" in /etc/nginx/conf.d/default.conf:13
2021/09/22 08:54:23 [emerg] 1#1: host not found in upstream "express_server:3000" in /etc/nginx/conf.d/default.conf:13
2021/09/22 08:54:35 [emerg] 1#1: host not found in upstream "express_server:3000" in /etc/nginx/conf.d/default.conf:13
2021/09/22 08:54:47 [emerg] 1#1: host not found in upstream "express_server:3000" in /etc/nginx/conf.d/default.conf:13
2021/09/22 08:54:59 [emerg] 1#1: host not found in upstream "express_server:3000" in /etc/nginx/conf.d/default.conf:13
2021/09/22 08:55:11 [emerg] 1#1: host not found in upstream "express_server:3000" in /etc/nginx/conf.d/default.conf:13
2021/09/22 08:55:23 [emerg] 1#1: host not found in upstream "express_server:3000" in /etc/nginx/conf.d/default.conf:13
2021/09/22 08:55:35 [emerg] 1#1: host not found in upstream "express_server:3000" in /etc/nginx/conf.d/default.conf:13
2021/09/22 08:55:47 [emerg] 1#1: host not found in upstream "express_server:3000" in /etc/nginx/conf.d/default.conf:13
2021/09/22 08:55:59 [emerg] 1#1: host not found in upstream "express_server:3000" in /etc/nginx/conf.d/default.conf:13
2021/09/22 08:56:11 [emerg] 1#1: host not found in upstream "express_server:3000" in /etc/nginx/conf.d/default.conf:13
2021/09/22 08:56:23 [emerg] 1#1: host not found in upstream "express_server:3000" in /etc/nginx/conf.d/default.conf:13
2021/09/22 08:56:35 [emerg] 1#1: host not found in upstream "express_server:3000" in /etc/nginx/conf.d/default.conf:13
2021/09/22 08:56:48 [emerg] 1#1: host not found in upstream "express_server:3000" in /etc/nginx/conf.d/default.conf:13
2021/09/22 08:57:00 [emerg] 1#1: host not found in upstream "express_server:3000" in /etc/nginx/conf.d/default.conf:13
2021/09/22 08:57:12 [emerg] 1#1: host not found in upstream "express_server:3000" in /etc/nginx/conf.d/default.conf:13
2021/09/22 08:57:24 [emerg] 1#1: host not found in upstream "express_server:3000" in /etc/nginx/conf.d/default.conf:13
2021/09/22 08:57:36 [emerg] 1#1: host not found in upstream "express_server:3000" in /etc/nginx/conf.d/default.conf:13
2021/09/22 08:57:48 [emerg] 1#1: host not found in upstream "express_server:3000" in /etc/nginx/conf.d/default.conf:13
2021/09/22 08:58:00 [emerg] 1#1: host not found in upstream "express_server:3000" in /etc/nginx/conf.d/default.conf:13
2021/09/22 08:58:12 [emerg] 1#1: host not found in upstream "express_server:3000" in /etc/nginx/conf.d/default.conf:13
2021/09/22 08:58:24 [emerg] 1#1: host not found in upstream "express_server:3000" in /etc/nginx/conf.d/default.conf:13
2021/09/22 08:58:36 [emerg] 1#1: host not found in upstream "express_server:3000" in /etc/nginx/conf.d/default.conf:13
2021/09/22 08:58:48 [emerg] 1#1: host not found in upstream "express_server:3000" in /etc/nginx/conf.d/default.conf:13
2021/09/22 08:59:00 [emerg] 1#1: host not found in upstream "express_server:3000" in /etc/nginx/conf.d/default.conf:13
2021/09/22 08:59:12 [emerg] 1#1: host not found in upstream "express_server:3000" in /etc/nginx/conf.d/default.conf:13
2021/09/22 08:59:24 [emerg] 1#1: host not found in upstream "express_server:3000" in /etc/nginx/conf.d/default.conf:13
2021/09/22 08:59:36 [emerg] 1#1: host not found in upstream "express_server:3000" in /etc/nginx/conf.d/default.conf:13
2021/09/22 08:59:48 [emerg] 1#1: host not found in upstream "express_server:3000" in /etc/nginx/conf.d/default.conf:13
2021/09/22 09:00:00 [emerg] 1#1: host not found in upstream "express_server:3000" in /etc/nginx/conf.d/default.conf:13
2021/09/22 09:00:12 [emerg] 1#1: host not found in upstream "express_server:3000" in /etc/nginx/conf.d/default.conf:13
2021/09/22 09:00:24 [emerg] 1#1: host not found in upstream "express_server:3000" in /etc/nginx/conf.d/default.conf:13
2021/09/22 09:00:36 [emerg] 1#1: host not found in upstream "express_server:3000" in /etc/nginx/conf.d/default.conf:13
2021/09/22 09:00:48 [emerg] 1#1: host not found in upstream "express_server:3000" in /etc/nginx/conf.d/default.conf:13
2021/09/22 09:01:00 [emerg] 1#1: host not found in upstream "express_server:3000" in /etc/nginx/conf.d/default.conf:13
2021/09/22 09:01:12 [emerg] 1#1: host not found in upstream "express_server:3000" in /etc/nginx/conf.d/default.conf:13
2021/09/22 09:01:24 [emerg] 1#1: host not found in upstream "express_server:3000" in /etc/nginx/conf.d/default.conf:13
2021/09/22 09:01:36 [emerg] 1#1: host not found in upstream "express_server:3000" in /etc/nginx/conf.d/default.conf:13
2021/09/22 09:01:48 [emerg] 1#1: host not found in upstream "express_server:3000" in /etc/nginx/conf.d/default.conf:13
2021/09/22 09:02:00 [emerg] 1#1: host not found in upstream "express_server:3000" in /etc/nginx/conf.d/default.conf:13
2021/09/22 09:02:12 [emerg] 1#1: host not found in upstream "express_server:3000" in /etc/nginx/conf.d/default.conf:13
2021/09/22 09:02:24 [emerg] 1#1: host not found in upstream "express_server:3000" in /etc/nginx/conf.d/default.conf:13
2021/09/22 09:02:36 [emerg] 1#1: host not found in upstream "express_server:3000" in /etc/nginx/conf.d/default.conf:13
2021/09/22 09:02:48 [emerg] 1#1: host not found in upstream "express_server:3000" in /etc/nginx/conf.d/default.conf:13
2021/09/22 09:03:00 [emerg] 1#1: host not found in upstream "express_server:3000" in /etc/nginx/conf.d/default.conf:13
2021/09/22 09:03:12 [emerg] 1#1: host not found in upstream "express_server:3000" in /etc/nginx/conf.d/default.conf:13
2021/09/22 09:03:24 [emerg] 1#1: host not found in upstream "express_server:3000" in /etc/nginx/conf.d/default.conf:13
2021/09/22 09:03:37 [emerg] 1#1: host not found in upstream "express_server:3000" in /etc/nginx/conf.d/default.conf:13
2021/09/22 09:03:49 [emerg] 1#1: host not found in upstream "express_server:3000" in /etc/nginx/conf.d/default.conf:13
2021/09/22 09:04:01 [emerg] 1#1: host not found in upstream "express_server:3000" in /etc/nginx/conf.d/default.conf:13
2021/09/22 09:04:12 [emerg] 1#1: host not found in upstream "express_server:3000" in /etc/nginx/conf.d/default.conf:13
2021/09/22 09:04:24 [emerg] 1#1: host not found in upstream "express_server:3000" in /etc/nginx/conf.d/default.conf:13
2021/09/22 09:04:36 [emerg] 1#1: host not found in upstream "express_server:3000" in /etc/nginx/conf.d/default.conf:13
2021/09/22 09:04:48 [emerg] 1#1: host not found in upstream "express_server:3000" in /etc/nginx/conf.d/default.conf:13
2021/09/22 09:05:00 [emerg] 1#1: host not found in upstream "express_server:3000" in /etc/nginx/conf.d/default.conf:13
2021/09/22 09:05:13 [emerg] 1#1: host not found in upstream "express_server:3000" in /etc/nginx/conf.d/default.conf:13
2021/09/22 09:05:25 [emerg] 1#1: host not found in upstream "express_server:3000" in /etc/nginx/conf.d/default.conf:13
2021/09/22 09:05:37 [emerg] 1#1: host not found in upstream "express_server:3000" in /etc/nginx/conf.d/default.conf:13
2021/09/22 09:05:49 [emerg] 1#1: host not found in upstream "express_server:3000" in /etc/nginx/conf.d/default.conf:13
2021/09/22 09:06:01 [emerg] 1#1: host not found in upstream "express_server:3000" in /etc/nginx/conf.d/default.conf:13
2021/09/22 09:06:13 [emerg] 1#1: host not found in upstream "express_server:3000" in /etc/nginx/conf.d/default.conf:13
2021/09/22 09:06:25 [emerg] 1#1: host not found in upstream "express_server:3000" in /etc/nginx/conf.d/default.conf:13
2021/09/22 09:06:37 [emerg] 1#1: host not found in upstream "express_server:3000" in /etc/nginx/conf.d/default.conf:13
2021/09/22 09:06:49 [emerg] 1#1: host not found in upstream "express_server:3000" in /etc/nginx/conf.d/default.conf:13
2021/09/22 09:07:01 [emerg] 1#1: host not found in upstream "express_server:3000" in /etc/nginx/conf.d/default.conf:13
2021/09/22 09:07:13 [emerg] 1#1: host not found in upstream "express_server:3000" in /etc/nginx/conf.d/default.conf:13
2021/09/22 09:07:25 [emerg] 1#1: host not found in upstream "express_server:3000" in /etc/nginx/conf.d/default.conf:13
2021/09/22 09:07:37 [emerg] 1#1: host not found in upstream "express_server:3000" in /etc/nginx/conf.d/default.conf:13
2021/09/22 09:07:49 [emerg] 1#1: host not found in upstream "express_server:3000" in /etc/nginx/conf.d/default.conf:13
2021/09/22 09:08:01 [emerg] 1#1: host not found in upstream "express_server:3000" in /etc/nginx/conf.d/default.conf:13
2021/09/22 09:08:13 [emerg] 1#1: host not found in upstream "express_server:3000" in /etc/nginx/conf.d/default.conf:13
2021/09/22 09:08:25 [emerg] 1#1: host not found in upstream "express_server:3000" in /etc/nginx/conf.d/default.conf:13
2021/09/22 09:08:37 [emerg] 1#1: host not found in upstream "express_server:3000" in /etc/nginx/conf.d/default.conf:13
2021/09/22 09:08:49 [emerg] 1#1: host not found in upstream "express_server:3000" in /etc/nginx/conf.d/default.conf:13
2021/09/22 09:09:01 [emerg] 1#1: host not found in upstream "express_server:3000" in /etc/nginx/conf.d/default.conf:13
2021/09/22 09:09:13 [emerg] 1#1: host not found in upstream "express_server:3000" in /etc/nginx/conf.d/default.conf:13
2021/09/22 09:09:25 [emerg] 1#1: host not found in upstream "express_server:3000" in /etc/nginx/conf.d/default.conf:13
2021/09/22 09:09:37 [emerg] 1#1: host not found in upstream "express_server:3000" in /etc/nginx/conf.d/default.conf:13
2021/09/22 09:09:49 [emerg] 1#1: host not found in upstream "express_server:3000" in /etc/nginx/conf.d/default.conf:13
2021/09/22 09:10:01 [emerg] 1#1: host not found in upstream "express_server:3000" in /etc/nginx/conf.d/default.conf:13
2021/09/22 09:10:13 [emerg] 1#1: host not found in upstream "express_server:3000" in /etc/nginx/conf.d/default.conf:13
2021/09/22 09:10:25 [emerg] 1#1: host not found in upstream "express_server:3000" in /etc/nginx/conf.d/default.conf:13
2021/09/22 09:10:37 [emerg] 1#1: host not found in upstream "express_server:3000" in /etc/nginx/conf.d/default.conf:13
2021/09/22 09:10:49 [emerg] 1#1: host not found in upstream "express_server:3000" in /etc/nginx/conf.d/default.conf:13
2021/09/22 09:11:01 [emerg] 1#1: host not found in upstream "express_server:3000" in /etc/nginx/conf.d/default.conf:13
2021/09/22 09:11:13 [emerg] 1#1: host not found in upstream "express_server:3000" in /etc/nginx/conf.d/default.conf:13
2021/09/22 09:11:25 [emerg] 1#1: host not found in upstream "express_server:3000" in /etc/nginx/conf.d/default.conf:13
2021/09/22 09:11:37 [emerg] 1#1: host not found in upstream "express_server:3000" in /etc/nginx/conf.d/default.conf:13
2021/09/22 09:11:49 [emerg] 1#1: host not found in upstream "express_server:3000" in /etc/nginx/conf.d/default.conf:13
2021/09/22 09:12:01 [emerg] 1#1: host not found in upstream "express_server:3000" in /etc/nginx/conf.d/default.conf:13
2021/09/22 09:12:13 [emerg] 1#1: host not found in upstream "express_server:3000" in /etc/nginx/conf.d/default.conf:13
2021/09/22 09:12:25 [emerg] 1#1: host not found in upstream "express_server:3000" in /etc/nginx/conf.d/default.conf:13
2021/09/22 09:12:37 [emerg] 1#1: host not found in upstream "express_server:3000" in /etc/nginx/conf.d/default.conf:13
2021/09/22 09:12:49 [emerg] 1#1: host not found in upstream "express_server:3000" in /etc/nginx/conf.d/default.conf:13
2021/09/22 09:13:01 [emerg] 1#1: host not found in upstream "express_server:3000" in /etc/nginx/conf.d/default.conf:13
2021/09/22 09:13:13 [emerg] 1#1: host not found in upstream "express_server:3000" in /etc/nginx/conf.d/default.conf:13
2021/09/22 09:13:25 [emerg] 1#1: host not found in upstream "express_server:3000" in /etc/nginx/conf.d/default.conf:13
2021/09/22 09:13:37 [emerg] 1#1: host not found in upstream "express_server:3000" in /etc/nginx/conf.d/default.conf:13
2021/09/22 09:13:49 [emerg] 1#1: host not found in upstream "express_server:3000" in /etc/nginx/conf.d/default.conf:13
2021/09/22 09:14:01 [emerg] 1#1: host not found in upstream "express_server:3000" in /etc/nginx/conf.d/default.conf:13
2021/09/22 09:14:13 [emerg] 1#1: host not found in upstream "express_server:3000" in /etc/nginx/conf.d/default.conf:13
2021/09/22 09:14:25 [emerg] 1#1: host not found in upstream "express_server:3000" in /etc/nginx/conf.d/default.conf:13
2021/09/22 09:14:37 [emerg] 1#1: host not found in upstream "express_server:3000" in /etc/nginx/conf.d/default.conf:13
2021/09/22 09:14:49 [emerg] 1#1: host not found in upstream "express_server:3000" in /etc/nginx/conf.d/default.conf:13
2021/09/22 09:15:01 [emerg] 1#1: host not found in upstream "express_server:3000" in /etc/nginx/conf.d/default.conf:13
2021/09/22 09:15:13 [emerg] 1#1: host not found in upstream "express_server:3000" in /etc/nginx/conf.d/default.conf:13
2021/09/22 09:15:25 [emerg] 1#1: host not found in upstream "express_server:3000" in /etc/nginx/conf.d/default.conf:13
2021/09/22 09:15:37 [emerg] 1#1: host not found in upstream "express_server:3000" in /etc/nginx/conf.d/default.conf:13
2021/09/22 09:15:49 [emerg] 1#1: host not found in upstream "express_server:3000" in /etc/nginx/conf.d/default.conf:13
2021/09/22 09:16:01 [emerg] 1#1: host not found in upstream "express_server:3000" in /etc/nginx/conf.d/default.conf:13
2021/09/22 09:16:13 [emerg] 1#1: host not found in upstream "express_server:3000" in /etc/nginx/conf.d/default.conf:13
2021/09/22 09:16:25 [emerg] 1#1: host not found in upstream "express_server:3000" in /etc/nginx/conf.d/default.conf:13
2021/09/22 09:16:37 [emerg] 1#1: host not found in upstream "express_server:3000" in /etc/nginx/conf.d/default.conf:13
2021/09/22 09:16:49 [emerg] 1#1: host not found in upstream "express_server:3000" in /etc/nginx/conf.d/default.conf:13
2021/09/22 09:17:01 [emerg] 1#1: host not found in upstream "express_server:3000" in /etc/nginx/conf.d/default.conf:13
2021/09/22 09:17:13 [emerg] 1#1: host not found in upstream "express_server:3000" in /etc/nginx/conf.d/default.conf:13
2021/09/22 09:17:25 [emerg] 1#1: host not found in upstream "express_server:3000" in /etc/nginx/conf.d/default.conf:13
2021/09/22 09:17:36 [emerg] 1#1: host not found in upstream "express_server:3000" in /etc/nginx/conf.d/default.conf:13
2021/09/22 09:17:48 [emerg] 1#1: host not found in upstream "express_server:3000" in /etc/nginx/conf.d/default.conf:13
2021/09/22 09:18:00 [emerg] 1#1: host not found in upstream "express_server:3000" in /etc/nginx/conf.d/default.conf:13
2021/09/22 09:18:12 [emerg] 1#1: host not found in upstream "express_server:3000" in /etc/nginx/conf.d/default.conf:13
2021/09/22 09:18:24 [emerg] 1#1: host not found in upstream "express_server:3000" in /etc/nginx/conf.d/default.conf:13
2021/09/22 09:18:35 [emerg] 1#1: host not found in upstream "express_server:3000" in /etc/nginx/conf.d/default.conf:13
2021/09/22 09:18:47 [emerg] 1#1: host not found in upstream "express_server:3000" in /etc/nginx/conf.d/default.conf:13
2021/09/22 09:18:59 [emerg] 1#1: host not found in upstream "express_server:3000" in /etc/nginx/conf.d/default.conf:13
2021/09/22 09:19:11 [emerg] 1#1: host not found in upstream "express_server:3000" in /etc/nginx/conf.d/default.conf:13
2021/09/22 09:19:22 [emerg] 1#1: host not found in upstream "express_server:3000" in /etc/nginx/conf.d/default.conf:13
2021/09/22 09:19:34 [emerg] 1#1: host not found in upstream "express_server:3000" in /etc/nginx/conf.d/default.conf:13
2021/09/22 09:19:46 [emerg] 1#1: host not found in upstream "express_server:3000" in /etc/nginx/conf.d/default.conf:13
2021/09/22 09:19:58 [emerg] 1#1: host not found in upstream "express_server:3000" in /etc/nginx/conf.d/default.conf:13
2021/09/22 09:20:10 [emerg] 1#1: host not found in upstream "express_server:3000" in /etc/nginx/conf.d/default.conf:13
2021/09/22 09:20:21 [emerg] 1#1: host not found in upstream "express_server:3000" in /etc/nginx/conf.d/default.conf:13
2021/09/22 09:20:33 [emerg] 1#1: host not found in upstream "express_server:3000" in /etc/nginx/conf.d/default.conf:13
2021/09/22 09:20:45 [emerg] 1#1: host not found in upstream "express_server:3000" in /etc/nginx/conf.d/default.conf:13
2021/09/22 09:20:56 [emerg] 1#1: host not found in upstream "express_server:3000" in /etc/nginx/conf.d/default.conf:13
2021/09/22 09:21:08 [emerg] 1#1: host not found in upstream "express_server:3000" in /etc/nginx/conf.d/default.conf:13
2021/09/22 09:21:20 [emerg] 1#1: host not found in upstream "express_server:3000" in /etc/nginx/conf.d/default.conf:13
2021/09/22 09:21:32 [emerg] 1#1: host not found in upstream "express_server:3000" in /etc/nginx/conf.d/default.conf:13
2021/09/22 09:21:43 [emerg] 1#1: host not found in upstream "express_server:3000" in /etc/nginx/conf.d/default.conf:13
2021/09/22 09:21:55 [emerg] 1#1: host not found in upstream "express_server:3000" in /etc/nginx/conf.d/default.conf:13
2021/09/22 09:22:07 [emerg] 1#1: host not found in upstream "express_server:3000" in /etc/nginx/conf.d/default.conf:13
2021/09/22 09:22:19 [emerg] 1#1: host not found in upstream "express_server:3000" in /etc/nginx/conf.d/default.conf:13
2021/09/22 09:22:31 [emerg] 1#1: host not found in upstream "express_server:3000" in /etc/nginx/conf.d/default.conf:13
2021/09/22 09:22:43 [emerg] 1#1: host not found in upstream "express_server:3000" in /etc/nginx/conf.d/default.conf:13
2021/09/22 09:22:54 [emerg] 1#1: host not found in upstream "express_server:3000" in /etc/nginx/conf.d/default.conf:13
2021/09/22 09:23:06 [emerg] 1#1: host not found in upstream "express_server:3000" in /etc/nginx/conf.d/default.conf:13
2021/09/22 09:23:18 [emerg] 1#1: host not found in upstream "express_server:3000" in /etc/nginx/conf.d/default.conf:13
2021/09/22 09:23:30 [emerg] 1#1: host not found in upstream "express_server:3000" in /etc/nginx/conf.d/default.conf:13
2021/09/22 09:23:42 [emerg] 1#1: host not found in upstream "express_server:3000" in /etc/nginx/conf.d/default.conf:13
2021/09/22 09:23:54 [emerg] 1#1: host not found in upstream "express_server:3000" in /etc/nginx/conf.d/default.conf:13
2021/09/22 09:24:05 [emerg] 1#1: host not found in upstream "express_server:3000" in /etc/nginx/conf.d/default.conf:13
2021/09/22 09:24:17 [emerg] 1#1: host not found in upstream "express_server:3000" in /etc/nginx/conf.d/default.conf:13
2021/09/22 09:24:29 [emerg] 1#1: host not found in upstream "express_server:3000" in /etc/nginx/conf.d/default.conf:13
2021/09/22 09:24:41 [emerg] 1#1: host not found in upstream "express_server:3000" in /etc/nginx/conf.d/default.conf:13
2021/09/22 09:24:53 [emerg] 1#1: host not found in upstream "express_server:3000" in /etc/nginx/conf.d/default.conf:13
2021/09/22 09:25:04 [emerg] 1#1: host not found in upstream "express_server:3000" in /etc/nginx/conf.d/default.conf:13
2021/09/22 09:25:16 [emerg] 1#1: host not found in upstream "express_server:3000" in /etc/nginx/conf.d/default.conf:13
2021/09/22 09:25:28 [emerg] 1#1: host not found in upstream "express_server:3000" in /etc/nginx/conf.d/default.conf:13
2021/09/22 09:25:40 [emerg] 1#1: host not found in upstream "express_server:3000" in /etc/nginx/conf.d/default.conf:13
2021/09/22 09:26:36 [emerg] 1#1: host not found in upstream "express_server:3000" in /etc/nginx/conf.d/default.conf:13
2021/09/22 09:26:48 [emerg] 1#1: host not found in upstream "express_server:3000" in /etc/nginx/conf.d/default.conf:13
2021/09/22 09:27:00 [emerg] 1#1: host not found in upstream "express_server:3000" in /etc/nginx/conf.d/default.conf:13
2021/09/22 09:27:11 [emerg] 1#1: host not found in upstream "express_server:3000" in /etc/nginx/conf.d/default.conf:13
2021/09/22 09:27:23 [emerg] 1#1: host not found in upstream "express_server:3000" in /etc/nginx/conf.d/default.conf:13
2021/09/22 09:27:35 [emerg] 1#1: host not found in upstream "express_server:3000" in /etc/nginx/conf.d/default.conf:13
2021/09/22 09:27:46 [emerg] 1#1: host not found in upstream "express_server:3000" in /etc/nginx/conf.d/default.conf:13
2021/09/22 09:27:58 [emerg] 1#1: host not found in upstream "express_server:3000" in /etc/nginx/conf.d/default.conf:13
2021/09/22 09:28:10 [emerg] 1#1: host not found in upstream "express_server:3000" in /etc/nginx/conf.d/default.conf:13
2021/09/22 09:28:21 [emerg] 1#1: host not found in upstream "express_server:3000" in /etc/nginx/conf.d/default.conf:13
2021/09/22 09:28:33 [emerg] 1#1: host not found in upstream "express_server:3000" in /etc/nginx/conf.d/default.conf:13
2021/09/22 09:28:45 [emerg] 1#1: host not found in upstream "express_server:3000" in /etc/nginx/conf.d/default.conf:13
2021/09/22 09:28:57 [emerg] 1#1: host not found in upstream "express_server:3000" in /etc/nginx/conf.d/default.conf:13
2021/09/22 09:29:08 [emerg] 1#1: host not found in upstream "express_server:3000" in /etc/nginx/conf.d/default.conf:13
2021/09/22 09:29:20 [emerg] 1#1: host not found in upstream "express_server:3000" in /etc/nginx/conf.d/default.conf:13
2021/09/22 09:29:31 [emerg] 1#1: host not found in upstream "express_server:3000" in /etc/nginx/conf.d/default.conf:13
2021/09/22 09:29:43 [emerg] 1#1: host not found in upstream "express_server:3000" in /etc/nginx/conf.d/default.conf:13
2021/09/22 09:29:55 [emerg] 1#1: host not found in upstream "express_server:3000" in /etc/nginx/conf.d/default.conf:13
2021/09/22 09:30:06 [emerg] 1#1: host not found in upstream "express_server:3000" in /etc/nginx/conf.d/default.conf:13
2021/09/22 09:30:18 [emerg] 1#1: host not found in upstream "express_server:3000" in /etc/nginx/conf.d/default.conf:13
2021/09/22 09:30:30 [emerg] 1#1: host not found in upstream "express_server:3000" in /etc/nginx/conf.d/default.conf:13
2021/09/22 09:32:09 [notice] 1#1: using the "epoll" event method
2021/09/22 09:32:09 [notice] 1#1: nginx/1.21.3
2021/09/22 09:32:09 [notice] 1#1: built by gcc 8.3.0 (Debian 8.3.0-6) 
2021/09/22 09:32:09 [notice] 1#1: OS: Linux 5.10.16.3-microsoft-standard-WSL2
2021/09/22 09:32:09 [notice] 1#1: getrlimit(RLIMIT_NOFILE): 1048576:1048576
2021/09/22 09:32:09 [notice] 1#1: start worker processes
2021/09/22 09:32:09 [notice] 1#1: start worker process 31
2021/09/22 09:32:09 [notice] 1#1: start worker process 32
2021/09/22 09:32:09 [notice] 1#1: start worker process 33
2021/09/22 09:32:09 [notice] 1#1: start worker process 34
2021/09/22 09:32:09 [notice] 1#1: start worker process 35
2021/09/22 09:32:09 [notice] 1#1: start worker process 36
2021/09/22 09:32:09 [notice] 1#1: start worker process 37
2021/09/22 09:32:09 [notice] 1#1: start worker process 38
2021/09/22 09:32:09 [notice] 1#1: start worker process 39
2021/09/22 09:32:09 [notice] 1#1: start worker process 40
2021/09/22 09:32:09 [notice] 1#1: start worker process 41
2021/09/22 09:32:09 [notice] 1#1: start worker process 42
2021/09/22 09:32:09 [notice] 1#1: start worker process 43
2021/09/22 09:32:09 [notice] 1#1: start worker process 44
2021/09/22 09:32:09 [notice] 1#1: start worker process 45
2021/09/22 09:32:09 [notice] 1#1: start worker process 46
2021/09/22 09:32:20 [error] 32#32: *2 rewrite or internal redirection cycle while internally redirecting to "/index.html", client: 172.23.0.1, server: , request: "GET / HTTP/1.1", host: "localhost:8080"
2021/09/22 09:32:20 [error] 31#31: *1 rewrite or internal redirection cycle while internally redirecting to "/index.html", client: 172.23.0.1, server: , request: "GET /favicon.ico HTTP/1.1", host: "localhost:8080", referrer: "http://localhost:8080/"
2021/09/22 09:34:22 [notice] 1#1: signal 3 (SIGQUIT) received, shutting down
2021/09/22 09:34:22 [notice] 31#31: gracefully shutting down
2021/09/22 09:34:22 [notice] 41#41: gracefully shutting down
2021/09/22 09:34:22 [notice] 32#32: gracefully shutting down
2021/09/22 09:34:22 [notice] 33#33: gracefully shutting down
2021/09/22 09:34:22 [notice] 34#34: gracefully shutting down
2021/09/22 09:34:22 [notice] 35#35: gracefully shutting down
2021/09/22 09:34:22 [notice] 36#36: gracefully shutting down
2021/09/22 09:34:22 [notice] 37#37: gracefully shutting down
2021/09/22 09:34:22 [notice] 38#38: gracefully shutting down
2021/09/22 09:34:22 [notice] 39#39: gracefully shutting down
2021/09/22 09:34:22 [notice] 40#40: gracefully shutting down
2021/09/22 09:34:22 [notice] 42#42: gracefully shutting down
2021/09/22 09:34:22 [notice] 43#43: gracefully shutting down
2021/09/22 09:34:22 [notice] 44#44: gracefully shutting down
2021/09/22 09:34:22 [notice] 31#31: exiting
2021/09/22 09:34:22 [notice] 46#46: gracefully shutting down
2021/09/22 09:34:22 [notice] 45#45: gracefully shutting down
2021/09/22 09:34:22 [notice] 41#41: exiting
2021/09/22 09:34:22 [notice] 32#32: exiting
2021/09/22 09:34:22 [notice] 33#33: exiting
2021/09/22 09:34:22 [notice] 34#34: exiting
2021/09/22 09:34:22 [notice] 35#35: exiting
2021/09/22 09:34:22 [notice] 36#36: exiting
2021/09/22 09:34:22 [notice] 37#37: exiting
2021/09/22 09:34:22 [notice] 38#38: exiting
2021/09/22 09:34:22 [notice] 39#39: exiting
2021/09/22 09:34:22 [notice] 40#40: exiting
2021/09/22 09:34:22 [notice] 42#42: exiting
2021/09/22 09:34:22 [notice] 43#43: exiting
2021/09/22 09:34:22 [notice] 44#44: exiting
2021/09/22 09:34:22 [notice] 31#31: exit
2021/09/22 09:34:22 [notice] 46#46: exiting
2021/09/22 09:34:22 [notice] 45#45: exiting
2021/09/22 09:34:22 [notice] 41#41: exit
2021/09/22 09:34:22 [notice] 32#32: exit
2021/09/22 09:34:22 [notice] 33#33: exit
2021/09/22 09:34:22 [notice] 34#34: exit
2021/09/22 09:34:22 [notice] 35#35: exit
2021/09/22 09:34:22 [notice] 36#36: exit
2021/09/22 09:34:22 [notice] 37#37: exit
2021/09/22 09:34:22 [notice] 38#38: exit
2021/09/22 09:34:22 [notice] 39#39: exit
2021/09/22 09:34:22 [notice] 40#40: exit
2021/09/22 09:34:22 [notice] 42#42: exit
2021/09/22 09:34:22 [notice] 43#43: exit
2021/09/22 09:34:22 [notice] 44#44: exit
2021/09/22 09:34:22 [notice] 46#46: exit
2021/09/22 09:34:22 [notice] 45#45: exit
2021/09/22 09:34:22 [notice] 1#1: signal 17 (SIGCHLD) received from 32
2021/09/22 09:34:22 [notice] 1#1: worker process 31 exited with code 0
2021/09/22 09:34:22 [notice] 1#1: worker process 32 exited with code 0
2021/09/22 09:34:22 [notice] 1#1: worker process 33 exited with code 0
2021/09/22 09:34:22 [notice] 1#1: worker process 34 exited with code 0
2021/09/22 09:34:22 [notice] 1#1: worker process 35 exited with code 0
2021/09/22 09:34:22 [notice] 1#1: worker process 36 exited with code 0
2021/09/22 09:34:22 [notice] 1#1: worker process 38 exited with code 0
2021/09/22 09:34:22 [notice] 1#1: worker process 39 exited with code 0
2021/09/22 09:34:22 [notice] 1#1: worker process 41 exited with code 0
2021/09/22 09:34:22 [notice] 1#1: worker process 42 exited with code 0
2021/09/22 09:34:22 [notice] 1#1: worker process 43 exited with code 0
2021/09/22 09:34:22 [notice] 1#1: worker process 44 exited with code 0
2021/09/22 09:34:22 [notice] 1#1: worker process 45 exited with code 0
2021/09/22 09:34:22 [notice] 1#1: worker process 46 exited with code 0
2021/09/22 09:34:22 [notice] 1#1: signal 29 (SIGIO) received
2021/09/22 09:34:22 [notice] 1#1: signal 17 (SIGCHLD) received from 42
2021/09/22 09:34:22 [notice] 1#1: signal 17 (SIGCHLD) received from 37
2021/09/22 09:34:22 [notice] 1#1: worker process 37 exited with code 0
2021/09/22 09:34:22 [notice] 1#1: worker process 40 exited with code 0
2021/09/22 09:34:22 [notice] 1#1: exit
2021/09/22 09:34:47 [notice] 1#1: using the "epoll" event method
2021/09/22 09:34:47 [notice] 1#1: nginx/1.21.3
2021/09/22 09:34:47 [notice] 1#1: built by gcc 8.3.0 (Debian 8.3.0-6) 
2021/09/22 09:34:47 [notice] 1#1: OS: Linux 5.10.16.3-microsoft-standard-WSL2
2021/09/22 09:34:47 [notice] 1#1: getrlimit(RLIMIT_NOFILE): 1048576:1048576
2021/09/22 09:34:47 [notice] 1#1: start worker processes
2021/09/22 09:34:47 [notice] 1#1: start worker process 30
2021/09/22 09:34:47 [notice] 1#1: start worker process 31
2021/09/22 09:34:47 [notice] 1#1: start worker process 32
2021/09/22 09:34:47 [notice] 1#1: start worker process 33
2021/09/22 09:34:47 [notice] 1#1: start worker process 34
2021/09/22 09:34:47 [notice] 1#1: start worker process 35
2021/09/22 09:34:47 [notice] 1#1: start worker process 36
2021/09/22 09:34:47 [notice] 1#1: start worker process 37
2021/09/22 09:34:47 [notice] 1#1: start worker process 38
2021/09/22 09:34:47 [notice] 1#1: start worker process 39
2021/09/22 09:34:47 [notice] 1#1: start worker process 40
2021/09/22 09:34:47 [notice] 1#1: start worker process 41
2021/09/22 09:34:47 [notice] 1#1: start worker process 42
2021/09/22 09:34:47 [notice] 1#1: start worker process 43
2021/09/22 09:34:47 [notice] 1#1: start worker process 44
2021/09/22 09:34:47 [notice] 1#1: start worker process 45
2021/09/22 09:34:52 [error] 30#30: *1 rewrite or internal redirection cycle while internally redirecting to "/index.html", client: 172.24.0.1, server: , request: "GET / HTTP/1.1", host: "localhost:8080"
2021/09/22 09:34:52 [error] 32#32: *2 rewrite or internal redirection cycle while internally redirecting to "/index.html", client: 172.24.0.1, server: , request: "GET /favicon.ico HTTP/1.1", host: "localhost:8080", referrer: "http://localhost:8080/"
2021/09/22 09:36:29 [notice] 1#1: signal 3 (SIGQUIT) received, shutting down
2021/09/22 09:36:29 [notice] 30#30: gracefully shutting down
2021/09/22 09:36:29 [notice] 39#39: gracefully shutting down
2021/09/22 09:36:29 [notice] 31#31: gracefully shutting down
2021/09/22 09:36:29 [notice] 32#32: gracefully shutting down
2021/09/22 09:36:29 [notice] 33#33: gracefully shutting down
2021/09/22 09:36:29 [notice] 34#34: gracefully shutting down
2021/09/22 09:36:29 [notice] 35#35: gracefully shutting down
2021/09/22 09:36:29 [notice] 36#36: gracefully shutting down
2021/09/22 09:36:29 [notice] 37#37: gracefully shutting down
2021/09/22 09:36:29 [notice] 38#38: gracefully shutting down
2021/09/22 09:36:29 [notice] 30#30: exiting
2021/09/22 09:36:29 [notice] 40#40: gracefully shutting down
2021/09/22 09:36:29 [notice] 43#43: gracefully shutting down
2021/09/22 09:36:29 [notice] 41#41: gracefully shutting down
2021/09/22 09:36:29 [notice] 42#42: gracefully shutting down
2021/09/22 09:36:29 [notice] 44#44: gracefully shutting down
2021/09/22 09:36:29 [notice] 45#45: gracefully shutting down
2021/09/22 09:36:29 [notice] 39#39: exiting
2021/09/22 09:36:29 [notice] 31#31: exiting
2021/09/22 09:36:29 [notice] 32#32: exiting
2021/09/22 09:36:29 [notice] 33#33: exiting
2021/09/22 09:36:29 [notice] 34#34: exiting
2021/09/22 09:36:29 [notice] 35#35: exiting
2021/09/22 09:36:29 [notice] 36#36: exiting
2021/09/22 09:36:29 [notice] 37#37: exiting
2021/09/22 09:36:29 [notice] 38#38: exiting
2021/09/22 09:36:29 [notice] 30#30: exit
2021/09/22 09:36:29 [notice] 40#40: exiting
2021/09/22 09:36:29 [notice] 43#43: exiting
2021/09/22 09:36:29 [notice] 41#41: exiting
2021/09/22 09:36:29 [notice] 42#42: exiting
2021/09/22 09:36:29 [notice] 44#44: exiting
2021/09/22 09:36:29 [notice] 45#45: exiting
2021/09/22 09:36:29 [notice] 39#39: exit
2021/09/22 09:36:29 [notice] 31#31: exit
2021/09/22 09:36:29 [notice] 32#32: exit
2021/09/22 09:36:29 [notice] 33#33: exit
2021/09/22 09:36:29 [notice] 34#34: exit
2021/09/22 09:36:29 [notice] 35#35: exit
2021/09/22 09:36:29 [notice] 36#36: exit
2021/09/22 09:36:29 [notice] 37#37: exit
2021/09/22 09:36:29 [notice] 38#38: exit
2021/09/22 09:36:29 [notice] 40#40: exit
2021/09/22 09:36:29 [notice] 43#43: exit
2021/09/22 09:36:29 [notice] 41#41: exit
2021/09/22 09:36:29 [notice] 42#42: exit
2021/09/22 09:36:29 [notice] 44#44: exit
2021/09/22 09:36:29 [notice] 45#45: exit
2021/09/22 09:36:29 [notice] 1#1: signal 17 (SIGCHLD) received from 30
2021/09/22 09:36:29 [notice] 1#1: worker process 30 exited with code 0
2021/09/22 09:36:29 [notice] 1#1: signal 29 (SIGIO) received
2021/09/22 09:36:29 [notice] 1#1: signal 17 (SIGCHLD) received from 31
2021/09/22 09:36:29 [notice] 1#1: worker process 31 exited with code 0
2021/09/22 09:36:29 [notice] 1#1: worker process 32 exited with code 0
2021/09/22 09:36:29 [notice] 1#1: worker process 34 exited with code 0
2021/09/22 09:36:29 [notice] 1#1: worker process 35 exited with code 0
2021/09/22 09:36:29 [notice] 1#1: worker process 36 exited with code 0
2021/09/22 09:36:29 [notice] 1#1: worker process 37 exited with code 0
2021/09/22 09:36:29 [notice] 1#1: worker process 39 exited with code 0
2021/09/22 09:36:29 [notice] 1#1: worker process 40 exited with code 0
2021/09/22 09:36:29 [notice] 1#1: worker process 41 exited with code 0
2021/09/22 09:36:29 [notice] 1#1: worker process 44 exited with code 0
2021/09/22 09:36:29 [notice] 1#1: signal 29 (SIGIO) received
2021/09/22 09:36:29 [notice] 1#1: signal 17 (SIGCHLD) received from 34
2021/09/22 09:36:29 [notice] 1#1: signal 17 (SIGCHLD) received from 43
2021/09/22 09:36:29 [notice] 1#1: worker process 43 exited with code 0
2021/09/22 09:36:29 [notice] 1#1: signal 29 (SIGIO) received
2021/09/22 09:36:29 [notice] 1#1: signal 17 (SIGCHLD) received from 38
2021/09/22 09:36:29 [notice] 1#1: worker process 33 exited with code 0
2021/09/22 09:36:29 [notice] 1#1: worker process 38 exited with code 0
2021/09/22 09:36:29 [notice] 1#1: worker process 45 exited with code 0
2021/09/22 09:36:29 [notice] 1#1: signal 29 (SIGIO) received
2021/09/22 09:36:29 [notice] 1#1: signal 17 (SIGCHLD) received from 42
2021/09/22 09:36:29 [notice] 1#1: worker process 42 exited with code 0
2021/09/22 09:36:29 [notice] 1#1: exit
2021/09/22 09:36:56 [notice] 1#1: using the "epoll" event method
2021/09/22 09:36:56 [notice] 1#1: nginx/1.21.3
2021/09/22 09:36:56 [notice] 1#1: built by gcc 8.3.0 (Debian 8.3.0-6) 
2021/09/22 09:36:56 [notice] 1#1: OS: Linux 5.10.16.3-microsoft-standard-WSL2
2021/09/22 09:36:56 [notice] 1#1: getrlimit(RLIMIT_NOFILE): 1048576:1048576
2021/09/22 09:36:56 [notice] 1#1: start worker processes
2021/09/22 09:36:56 [notice] 1#1: start worker process 30
2021/09/22 09:36:56 [notice] 1#1: start worker process 31
2021/09/22 09:36:56 [notice] 1#1: start worker process 32
2021/09/22 09:36:56 [notice] 1#1: start worker process 33
2021/09/22 09:36:56 [notice] 1#1: start worker process 34
2021/09/22 09:36:56 [notice] 1#1: start worker process 35
2021/09/22 09:36:56 [notice] 1#1: start worker process 36
2021/09/22 09:36:56 [notice] 1#1: start worker process 37
2021/09/22 09:36:56 [notice] 1#1: start worker process 38
2021/09/22 09:36:56 [notice] 1#1: start worker process 39
2021/09/22 09:36:56 [notice] 1#1: start worker process 40
2021/09/22 09:36:56 [notice] 1#1: start worker process 41
2021/09/22 09:36:56 [notice] 1#1: start worker process 42
2021/09/22 09:36:56 [notice] 1#1: start worker process 43
2021/09/22 09:36:56 [notice] 1#1: start worker process 44
2021/09/22 09:36:56 [notice] 1#1: start worker process 45
2021/09/22 09:37:03 [error] 30#30: *1 rewrite or internal redirection cycle while internally redirecting to "/index.html", client: 172.25.0.1, server: , request: "GET / HTTP/1.1", host: "localhost:8080"
2021/09/22 09:37:04 [error] 30#30: *2 rewrite or internal redirection cycle while internally redirecting to "/index.html", client: 172.25.0.1, server: , request: "GET /favicon.ico HTTP/1.1", host: "localhost:8080", referrer: "http://localhost:8080/"
2021/09/22 09:39:01 [error] 31#31: *4 rewrite or internal redirection cycle while internally redirecting to "/index.html", client: 172.25.0.1, server: , request: "GET / HTTP/1.1", host: "localhost:8080"
2021/09/22 09:39:02 [error] 30#30: *3 rewrite or internal redirection cycle while internally redirecting to "/index.html", client: 172.25.0.1, server: , request: "GET /favicon.ico HTTP/1.1", host: "localhost:8080", referrer: "http://localhost:8080/"
2021/09/22 09:39:22 [notice] 1#1: signal 3 (SIGQUIT) received, shutting down
2021/09/22 09:39:22 [notice] 30#30: gracefully shutting down
2021/09/22 09:39:22 [notice] 36#36: gracefully shutting down
2021/09/22 09:39:22 [notice] 31#31: gracefully shutting down
2021/09/22 09:39:22 [notice] 32#32: gracefully shutting down
2021/09/22 09:39:22 [notice] 33#33: gracefully shutting down
2021/09/22 09:39:22 [notice] 34#34: gracefully shutting down
2021/09/22 09:39:22 [notice] 35#35: gracefully shutting down
2021/09/22 09:39:22 [notice] 37#37: gracefully shutting down
2021/09/22 09:39:22 [notice] 38#38: gracefully shutting down
2021/09/22 09:39:22 [notice] 39#39: gracefully shutting down
2021/09/22 09:39:22 [notice] 40#40: gracefully shutting down
2021/09/22 09:39:22 [notice] 41#41: gracefully shutting down
2021/09/22 09:39:22 [notice] 42#42: gracefully shutting down
2021/09/22 09:39:22 [notice] 42#42: exiting
2021/09/22 09:39:22 [notice] 43#43: gracefully shutting down
2021/09/22 09:39:22 [notice] 44#44: gracefully shutting down
2021/09/22 09:39:22 [notice] 45#45: gracefully shutting down
2021/09/22 09:39:22 [notice] 36#36: exiting
2021/09/22 09:39:22 [notice] 31#31: exiting
2021/09/22 09:39:22 [notice] 32#32: exiting
2021/09/22 09:39:22 [notice] 33#33: exiting
2021/09/22 09:39:22 [notice] 34#34: exiting
2021/09/22 09:39:22 [notice] 35#35: exiting
2021/09/22 09:39:22 [notice] 37#37: exiting
2021/09/22 09:39:22 [notice] 38#38: exiting
2021/09/22 09:39:22 [notice] 39#39: exiting
2021/09/22 09:39:22 [notice] 40#40: exiting
2021/09/22 09:39:22 [notice] 41#41: exiting
2021/09/22 09:39:22 [notice] 42#42: exit
2021/09/22 09:39:22 [notice] 43#43: exiting
2021/09/22 09:39:22 [notice] 44#44: exiting
2021/09/22 09:39:22 [notice] 45#45: exiting
2021/09/22 09:39:22 [notice] 36#36: exit
2021/09/22 09:39:22 [notice] 31#31: exit
2021/09/22 09:39:22 [notice] 32#32: exit
2021/09/22 09:39:22 [notice] 33#33: exit
2021/09/22 09:39:22 [notice] 34#34: exit
2021/09/22 09:39:22 [notice] 35#35: exit
2021/09/22 09:39:22 [notice] 37#37: exit
2021/09/22 09:39:22 [notice] 38#38: exit
2021/09/22 09:39:22 [notice] 39#39: exit
2021/09/22 09:39:22 [notice] 40#40: exit
2021/09/22 09:39:22 [notice] 41#41: exit
2021/09/22 09:39:22 [notice] 43#43: exit
2021/09/22 09:39:22 [notice] 44#44: exit
2021/09/22 09:39:22 [notice] 45#45: exit
2021/09/22 09:39:22 [notice] 1#1: signal 17 (SIGCHLD) received from 45
2021/09/22 09:39:22 [notice] 1#1: worker process 45 exited with code 0
2021/09/22 09:39:22 [notice] 1#1: signal 29 (SIGIO) received
2021/09/22 09:39:22 [notice] 1#1: signal 17 (SIGCHLD) received from 43
2021/09/22 09:39:22 [notice] 1#1: worker process 32 exited with code 0
2021/09/22 09:39:22 [notice] 1#1: worker process 33 exited with code 0
2021/09/22 09:39:22 [notice] 1#1: worker process 34 exited with code 0
2021/09/22 09:39:22 [notice] 1#1: worker process 37 exited with code 0
2021/09/22 09:39:22 [notice] 1#1: worker process 38 exited with code 0
2021/09/22 09:39:22 [notice] 1#1: worker process 39 exited with code 0
2021/09/22 09:39:22 [notice] 1#1: worker process 40 exited with code 0
2021/09/22 09:39:22 [notice] 1#1: worker process 43 exited with code 0
2021/09/22 09:39:22 [notice] 1#1: worker process 44 exited with code 0
2021/09/22 09:39:22 [notice] 1#1: signal 29 (SIGIO) received
2021/09/22 09:39:22 [notice] 1#1: signal 17 (SIGCHLD) received from 39
2021/09/22 09:39:22 [notice] 1#1: signal 17 (SIGCHLD) received from 42
2021/09/22 09:39:22 [notice] 1#1: worker process 31 exited with code 0
2021/09/22 09:39:22 [notice] 1#1: worker process 35 exited with code 0
2021/09/22 09:39:22 [notice] 1#1: worker process 42 exited with code 0
2021/09/22 09:39:22 [notice] 1#1: signal 29 (SIGIO) received
2021/09/22 09:39:22 [notice] 1#1: signal 17 (SIGCHLD) received from 36
2021/09/22 09:39:22 [notice] 1#1: worker process 36 exited with code 0
2021/09/22 09:39:22 [notice] 1#1: worker process 41 exited with code 0
2021/09/22 09:39:22 [notice] 1#1: signal 29 (SIGIO) received
2021/09/22 09:39:22 [notice] 1#1: signal 17 (SIGCHLD) received from 41
2021/09/22 09:39:28 [notice] 1#1: signal 3 (SIGQUIT) received, shutting down
2021/09/22 09:39:57 [notice] 1#1: using the "epoll" event method
2021/09/22 09:39:57 [notice] 1#1: nginx/1.21.3
2021/09/22 09:39:57 [notice] 1#1: built by gcc 8.3.0 (Debian 8.3.0-6) 
2021/09/22 09:39:57 [notice] 1#1: OS: Linux 5.10.16.3-microsoft-standard-WSL2
2021/09/22 09:39:57 [notice] 1#1: getrlimit(RLIMIT_NOFILE): 1048576:1048576
2021/09/22 09:39:57 [notice] 1#1: start worker processes
2021/09/22 09:39:57 [notice] 1#1: start worker process 31
2021/09/22 09:39:57 [notice] 1#1: start worker process 32
2021/09/22 09:39:57 [notice] 1#1: start worker process 33
2021/09/22 09:39:57 [notice] 1#1: start worker process 34
2021/09/22 09:39:57 [notice] 1#1: start worker process 35
2021/09/22 09:39:57 [notice] 1#1: start worker process 36
2021/09/22 09:39:57 [notice] 1#1: start worker process 37
2021/09/22 09:39:57 [notice] 1#1: start worker process 38
2021/09/22 09:39:57 [notice] 1#1: start worker process 39
2021/09/22 09:39:57 [notice] 1#1: start worker process 40
2021/09/22 09:39:57 [notice] 1#1: start worker process 41
2021/09/22 09:39:57 [notice] 1#1: start worker process 42
2021/09/22 09:39:57 [notice] 1#1: start worker process 43
2021/09/22 09:39:57 [notice] 1#1: start worker process 44
2021/09/22 09:39:57 [notice] 1#1: start worker process 45
2021/09/22 09:39:57 [notice] 1#1: start worker process 46
2021/09/22 09:40:04 [error] 31#31: *2 rewrite or internal redirection cycle while internally redirecting to "/index.html", client: 172.26.0.1, server: , request: "GET / HTTP/1.1", host: "localhost:8080"
2021/09/22 09:40:04 [error] 31#31: *1 rewrite or internal redirection cycle while internally redirecting to "/index.html", client: 172.26.0.1, server: , request: "GET /favicon.ico HTTP/1.1", host: "localhost:8080", referrer: "http://localhost:8080/"
2021/09/22 09:45:45 [notice] 1#1: signal 3 (SIGQUIT) received, shutting down
2021/09/22 09:45:45 [notice] 31#31: gracefully shutting down
2021/09/22 09:45:45 [notice] 39#39: gracefully shutting down
2021/09/22 09:45:45 [notice] 32#32: gracefully shutting down
2021/09/22 09:45:45 [notice] 33#33: gracefully shutting down
2021/09/22 09:45:45 [notice] 34#34: gracefully shutting down
2021/09/22 09:45:45 [notice] 35#35: gracefully shutting down
2021/09/22 09:45:45 [notice] 36#36: gracefully shutting down
2021/09/22 09:45:45 [notice] 37#37: gracefully shutting down
2021/09/22 09:45:45 [notice] 38#38: gracefully shutting down
2021/09/22 09:45:45 [notice] 40#40: gracefully shutting down
2021/09/22 09:45:45 [notice] 31#31: exiting
2021/09/22 09:45:45 [notice] 41#41: gracefully shutting down
2021/09/22 09:45:45 [notice] 42#42: gracefully shutting down
2021/09/22 09:45:45 [notice] 43#43: gracefully shutting down
2021/09/22 09:45:45 [notice] 44#44: gracefully shutting down
2021/09/22 09:45:45 [notice] 45#45: gracefully shutting down
2021/09/22 09:45:45 [notice] 46#46: gracefully shutting down
2021/09/22 09:45:45 [notice] 39#39: exiting
2021/09/22 09:45:45 [notice] 32#32: exiting
2021/09/22 09:45:45 [notice] 33#33: exiting
2021/09/22 09:45:45 [notice] 34#34: exiting
2021/09/22 09:45:45 [notice] 35#35: exiting
2021/09/22 09:45:45 [notice] 36#36: exiting
2021/09/22 09:45:45 [notice] 37#37: exiting
2021/09/22 09:45:45 [notice] 37#37: exit
2021/09/22 09:45:45 [notice] 38#38: exiting
2021/09/22 09:45:45 [notice] 40#40: exiting
2021/09/22 09:45:45 [notice] 31#31: exit
2021/09/22 09:45:45 [notice] 41#41: exiting
2021/09/22 09:45:45 [notice] 42#42: exiting
2021/09/22 09:45:45 [notice] 43#43: exiting
2021/09/22 09:45:45 [notice] 44#44: exiting
2021/09/22 09:45:45 [notice] 45#45: exiting
2021/09/22 09:45:45 [notice] 46#46: exiting
2021/09/22 09:45:45 [notice] 39#39: exit
2021/09/22 09:45:45 [notice] 32#32: exit
2021/09/22 09:45:45 [notice] 33#33: exit
2021/09/22 09:45:45 [notice] 34#34: exit
2021/09/22 09:45:45 [notice] 35#35: exit
2021/09/22 09:45:45 [notice] 36#36: exit
2021/09/22 09:45:45 [notice] 38#38: exit
2021/09/22 09:45:45 [notice] 40#40: exit
2021/09/22 09:45:45 [notice] 41#41: exit
2021/09/22 09:45:45 [notice] 42#42: exit
2021/09/22 09:45:45 [notice] 43#43: exit
2021/09/22 09:45:45 [notice] 44#44: exit
2021/09/22 09:45:45 [notice] 45#45: exit
2021/09/22 09:45:45 [notice] 46#46: exit
2021/09/22 09:45:45 [notice] 1#1: signal 17 (SIGCHLD) received from 34
2021/09/22 09:45:45 [notice] 1#1: worker process 31 exited with code 0
2021/09/22 09:45:45 [notice] 1#1: worker process 32 exited with code 0
2021/09/22 09:45:45 [notice] 1#1: worker process 34 exited with code 0
2021/09/22 09:45:45 [notice] 1#1: worker process 36 exited with code 0
2021/09/22 09:45:45 [notice] 1#1: worker process 37 exited with code 0
2021/09/22 09:45:45 [notice] 1#1: worker process 38 exited with code 0
2021/09/22 09:45:45 [notice] 1#1: worker process 39 exited with code 0
2021/09/22 09:45:45 [notice] 1#1: worker process 40 exited with code 0
2021/09/22 09:45:45 [notice] 1#1: worker process 41 exited with code 0
2021/09/22 09:45:45 [notice] 1#1: worker process 42 exited with code 0
2021/09/22 09:45:45 [notice] 1#1: worker process 43 exited with code 0
2021/09/22 09:45:45 [notice] 1#1: worker process 45 exited with code 0
2021/09/22 09:45:45 [notice] 1#1: signal 29 (SIGIO) received
2021/09/22 09:45:45 [notice] 1#1: signal 17 (SIGCHLD) received from 37
2021/09/22 09:45:45 [notice] 1#1: signal 17 (SIGCHLD) received from 35
2021/09/22 09:45:45 [notice] 1#1: worker process 35 exited with code 0
2021/09/22 09:45:45 [notice] 1#1: signal 29 (SIGIO) received
2021/09/22 09:45:45 [notice] 1#1: signal 17 (SIGCHLD) received from 46
2021/09/22 09:45:45 [notice] 1#1: worker process 33 exited with code 0
2021/09/22 09:45:45 [notice] 1#1: worker process 44 exited with code 0
2021/09/22 09:45:45 [notice] 1#1: worker process 46 exited with code 0
2021/09/22 09:45:45 [notice] 1#1: exit
2021/09/22 09:46:32 [notice] 1#1: using the "epoll" event method
2021/09/22 09:46:32 [notice] 1#1: nginx/1.21.3
2021/09/22 09:46:32 [notice] 1#1: built by gcc 8.3.0 (Debian 8.3.0-6) 
2021/09/22 09:46:32 [notice] 1#1: OS: Linux 5.10.16.3-microsoft-standard-WSL2
2021/09/22 09:46:32 [notice] 1#1: getrlimit(RLIMIT_NOFILE): 1048576:1048576
2021/09/22 09:46:32 [notice] 1#1: start worker processes
2021/09/22 09:46:32 [notice] 1#1: start worker process 30
2021/09/22 09:46:32 [notice] 1#1: start worker process 31
2021/09/22 09:46:32 [notice] 1#1: start worker process 32
2021/09/22 09:46:32 [notice] 1#1: start worker process 33
2021/09/22 09:46:32 [notice] 1#1: start worker process 34
2021/09/22 09:46:32 [notice] 1#1: start worker process 35
2021/09/22 09:46:32 [notice] 1#1: start worker process 36
2021/09/22 09:46:32 [notice] 1#1: start worker process 37
2021/09/22 09:46:32 [notice] 1#1: start worker process 38
2021/09/22 09:46:32 [notice] 1#1: start worker process 39
2021/09/22 09:46:32 [notice] 1#1: start worker process 40
2021/09/22 09:46:32 [notice] 1#1: start worker process 41
2021/09/22 09:46:32 [notice] 1#1: start worker process 42
2021/09/22 09:46:32 [notice] 1#1: start worker process 43
2021/09/22 09:46:32 [notice] 1#1: start worker process 44
2021/09/22 09:46:32 [notice] 1#1: start worker process 45
2021/09/22 09:46:47 [error] 31#31: *2 rewrite or internal redirection cycle while internally redirecting to "/index.html", client: 172.27.0.1, server: , request: "GET / HTTP/1.1", host: "localhost:8080"
2021/09/22 09:46:47 [error] 30#30: *1 rewrite or internal redirection cycle while internally redirecting to "/index.html", client: 172.27.0.1, server: , request: "GET /favicon.ico HTTP/1.1", host: "localhost:8080", referrer: "http://localhost:8080/"
2021/09/22 09:46:52 [error] 30#30: *3 rewrite or internal redirection cycle while internally redirecting to "/index.html", client: 172.27.0.1, server: , request: "GET / HTTP/1.1", host: "localhost:8080"
2021/09/22 09:46:52 [error] 30#30: *4 rewrite or internal redirection cycle while internally redirecting to "/index.html", client: 172.27.0.1, server: , request: "GET /favicon.ico HTTP/1.1", host: "localhost:8080", referrer: "http://localhost:8080/"
2021/09/22 09:47:49 [notice] 1#1: signal 3 (SIGQUIT) received, shutting down
2021/09/22 09:47:49 [notice] 30#30: gracefully shutting down
2021/09/22 09:47:49 [notice] 42#42: gracefully shutting down
2021/09/22 09:47:49 [notice] 31#31: gracefully shutting down
2021/09/22 09:47:49 [notice] 32#32: gracefully shutting down
2021/09/22 09:47:49 [notice] 33#33: gracefully shutting down
2021/09/22 09:47:49 [notice] 34#34: gracefully shutting down
2021/09/22 09:47:49 [notice] 35#35: gracefully shutting down
2021/09/22 09:47:49 [notice] 36#36: gracefully shutting down
2021/09/22 09:47:49 [notice] 37#37: gracefully shutting down
2021/09/22 09:47:49 [notice] 39#39: gracefully shutting down
2021/09/22 09:47:49 [notice] 38#38: gracefully shutting down
2021/09/22 09:47:49 [notice] 40#40: gracefully shutting down
2021/09/22 09:47:49 [notice] 41#41: gracefully shutting down
2021/09/22 09:47:49 [notice] 43#43: gracefully shutting down
2021/09/22 09:47:49 [notice] 44#44: gracefully shutting down
2021/09/22 09:47:49 [notice] 30#30: exiting
2021/09/22 09:47:49 [notice] 45#45: gracefully shutting down
2021/09/22 09:47:49 [notice] 42#42: exiting
2021/09/22 09:47:49 [notice] 31#31: exiting
2021/09/22 09:47:49 [notice] 32#32: exiting
2021/09/22 09:47:49 [notice] 33#33: exiting
2021/09/22 09:47:49 [notice] 34#34: exiting
2021/09/22 09:47:49 [notice] 35#35: exiting
2021/09/22 09:47:49 [notice] 36#36: exiting
2021/09/22 09:47:49 [notice] 37#37: exiting
2021/09/22 09:47:49 [notice] 39#39: exiting
2021/09/22 09:47:49 [notice] 38#38: exiting
2021/09/22 09:47:49 [notice] 40#40: exiting
2021/09/22 09:47:49 [notice] 41#41: exiting
2021/09/22 09:47:49 [notice] 43#43: exiting
2021/09/22 09:47:49 [notice] 44#44: exiting
2021/09/22 09:47:49 [notice] 30#30: exit
2021/09/22 09:47:49 [notice] 45#45: exiting
2021/09/22 09:47:49 [notice] 42#42: exit
2021/09/22 09:47:49 [notice] 31#31: exit
2021/09/22 09:47:49 [notice] 32#32: exit
2021/09/22 09:47:49 [notice] 33#33: exit
2021/09/22 09:47:49 [notice] 34#34: exit
2021/09/22 09:47:49 [notice] 35#35: exit
2021/09/22 09:47:49 [notice] 36#36: exit
2021/09/22 09:47:49 [notice] 37#37: exit
2021/09/22 09:47:49 [notice] 39#39: exit
2021/09/22 09:47:49 [notice] 38#38: exit
2021/09/22 09:47:49 [notice] 40#40: exit
2021/09/22 09:47:49 [notice] 41#41: exit
2021/09/22 09:47:49 [notice] 43#43: exit
2021/09/22 09:47:49 [notice] 44#44: exit
2021/09/22 09:47:49 [notice] 45#45: exit
2021/09/22 09:47:49 [notice] 1#1: signal 17 (SIGCHLD) received from 30
2021/09/22 09:47:49 [notice] 1#1: worker process 30 exited with code 0
2021/09/22 09:47:49 [notice] 1#1: worker process 31 exited with code 0
2021/09/22 09:47:49 [notice] 1#1: worker process 35 exited with code 0
2021/09/22 09:47:49 [notice] 1#1: signal 29 (SIGIO) received
2021/09/22 09:47:49 [notice] 1#1: signal 17 (SIGCHLD) received from 31
2021/09/22 09:47:49 [notice] 1#1: signal 17 (SIGCHLD) received from 41
2021/09/22 09:47:49 [notice] 1#1: worker process 33 exited with code 0
2021/09/22 09:47:49 [notice] 1#1: worker process 41 exited with code 0
2021/09/22 09:47:49 [notice] 1#1: signal 29 (SIGIO) received
2021/09/22 09:47:49 [notice] 1#1: signal 17 (SIGCHLD) received from 33
2021/09/22 09:47:49 [notice] 1#1: signal 17 (SIGCHLD) received from 37
2021/09/22 09:47:49 [notice] 1#1: worker process 37 exited with code 0
2021/09/22 09:47:49 [notice] 1#1: signal 29 (SIGIO) received
2021/09/22 09:47:49 [notice] 1#1: signal 17 (SIGCHLD) received from 38
2021/09/22 09:47:49 [notice] 1#1: worker process 34 exited with code 0
2021/09/22 09:47:49 [notice] 1#1: worker process 36 exited with code 0
2021/09/22 09:47:49 [notice] 1#1: worker process 38 exited with code 0
2021/09/22 09:47:49 [notice] 1#1: worker process 42 exited with code 0
2021/09/22 09:47:49 [notice] 1#1: worker process 44 exited with code 0
2021/09/22 09:47:49 [notice] 1#1: signal 29 (SIGIO) received
2021/09/22 09:47:49 [notice] 1#1: signal 17 (SIGCHLD) received from 34
2021/09/22 09:47:49 [notice] 1#1: signal 17 (SIGCHLD) received from 40
2021/09/22 09:47:49 [notice] 1#1: worker process 32 exited with code 0
2021/09/22 09:47:49 [notice] 1#1: worker process 39 exited with code 0
2021/09/22 09:47:49 [notice] 1#1: worker process 40 exited with code 0
2021/09/22 09:47:49 [notice] 1#1: worker process 43 exited with code 0
2021/09/22 09:47:49 [notice] 1#1: worker process 45 exited with code 0
2021/09/22 09:47:49 [notice] 1#1: exit
2021/09/22 09:48:12 [notice] 1#1: using the "epoll" event method
2021/09/22 09:48:12 [notice] 1#1: nginx/1.21.3
2021/09/22 09:48:12 [notice] 1#1: built by gcc 8.3.0 (Debian 8.3.0-6) 
2021/09/22 09:48:12 [notice] 1#1: OS: Linux 5.10.16.3-microsoft-standard-WSL2
2021/09/22 09:48:12 [notice] 1#1: getrlimit(RLIMIT_NOFILE): 1048576:1048576
2021/09/22 09:48:12 [notice] 1#1: start worker processes
2021/09/22 09:48:12 [notice] 1#1: start worker process 30
2021/09/22 09:48:12 [notice] 1#1: start worker process 31
2021/09/22 09:48:12 [notice] 1#1: start worker process 32
2021/09/22 09:48:12 [notice] 1#1: start worker process 33
2021/09/22 09:48:12 [notice] 1#1: start worker process 34
2021/09/22 09:48:12 [notice] 1#1: start worker process 35
2021/09/22 09:48:12 [notice] 1#1: start worker process 36
2021/09/22 09:48:12 [notice] 1#1: start worker process 37
2021/09/22 09:48:12 [notice] 1#1: start worker process 38
2021/09/22 09:48:12 [notice] 1#1: start worker process 39
2021/09/22 09:48:12 [notice] 1#1: start worker process 40
2021/09/22 09:48:12 [notice] 1#1: start worker process 41
2021/09/22 09:48:12 [notice] 1#1: start worker process 42
2021/09/22 09:48:12 [notice] 1#1: start worker process 43
2021/09/22 09:48:12 [notice] 1#1: start worker process 44
2021/09/22 09:48:12 [notice] 1#1: start worker process 45
2021/09/22 09:50:41 [error] 30#30: *1 rewrite or internal redirection cycle while internally redirecting to "/index.html", client: 172.28.0.1, server: , request: "GET / HTTP/1.1", host: "localhost:8080"
2021/09/22 09:50:41 [error] 31#31: *2 rewrite or internal redirection cycle while internally redirecting to "/index.html", client: 172.28.0.1, server: , request: "GET /favicon.ico HTTP/1.1", host: "localhost:8080", referrer: "http://localhost:8080/"
2021/09/22 10:03:39 [notice] 1#1: signal 3 (SIGQUIT) received, shutting down
2021/09/22 10:03:39 [notice] 30#30: gracefully shutting down
2021/09/22 10:03:39 [notice] 39#39: gracefully shutting down
2021/09/22 10:03:39 [notice] 31#31: gracefully shutting down
2021/09/22 10:03:39 [notice] 32#32: gracefully shutting down
2021/09/22 10:03:39 [notice] 34#34: gracefully shutting down
2021/09/22 10:03:39 [notice] 33#33: gracefully shutting down
2021/09/22 10:03:39 [notice] 35#35: gracefully shutting down
2021/09/22 10:03:39 [notice] 36#36: gracefully shutting down
2021/09/22 10:03:39 [notice] 37#37: gracefully shutting down
2021/09/22 10:03:39 [notice] 38#38: gracefully shutting down
2021/09/22 10:03:39 [notice] 40#40: gracefully shutting down
2021/09/22 10:03:39 [notice] 41#41: gracefully shutting down
2021/09/22 10:03:39 [notice] 42#42: gracefully shutting down
2021/09/22 10:03:39 [notice] 30#30: exiting
2021/09/22 10:03:39 [notice] 43#43: gracefully shutting down
2021/09/22 10:03:39 [notice] 45#45: gracefully shutting down
2021/09/22 10:03:39 [notice] 44#44: gracefully shutting down
2021/09/22 10:03:39 [notice] 39#39: exiting
2021/09/22 10:03:39 [notice] 31#31: exiting
2021/09/22 10:03:39 [notice] 32#32: exiting
2021/09/22 10:03:39 [notice] 34#34: exiting
2021/09/22 10:03:39 [notice] 33#33: exiting
2021/09/22 10:03:39 [notice] 35#35: exiting
2021/09/22 10:03:39 [notice] 36#36: exiting
2021/09/22 10:03:39 [notice] 37#37: exiting
2021/09/22 10:03:39 [notice] 38#38: exiting
2021/09/22 10:03:39 [notice] 40#40: exiting
2021/09/22 10:03:39 [notice] 41#41: exiting
2021/09/22 10:03:39 [notice] 42#42: exiting
2021/09/22 10:03:39 [notice] 30#30: exit
2021/09/22 10:03:39 [notice] 43#43: exiting
2021/09/22 10:03:39 [notice] 45#45: exiting
2021/09/22 10:03:39 [notice] 44#44: exiting
2021/09/22 10:03:39 [notice] 39#39: exit
2021/09/22 10:03:39 [notice] 31#31: exit
2021/09/22 10:03:39 [notice] 32#32: exit
2021/09/22 10:03:39 [notice] 34#34: exit
2021/09/22 10:03:39 [notice] 33#33: exit
2021/09/22 10:03:39 [notice] 35#35: exit
2021/09/22 10:03:39 [notice] 36#36: exit
2021/09/22 10:03:39 [notice] 37#37: exit
2021/09/22 10:03:39 [notice] 38#38: exit
2021/09/22 10:03:39 [notice] 40#40: exit
2021/09/22 10:03:39 [notice] 41#41: exit
2021/09/22 10:03:39 [notice] 42#42: exit
2021/09/22 10:03:39 [notice] 43#43: exit
2021/09/22 10:03:39 [notice] 45#45: exit
2021/09/22 10:03:39 [notice] 44#44: exit
2021/09/22 10:03:40 [notice] 1#1: signal 17 (SIGCHLD) received from 31
2021/09/22 10:03:40 [notice] 1#1: worker process 31 exited with code 0
2021/09/22 10:03:40 [notice] 1#1: worker process 33 exited with code 0
2021/09/22 10:03:40 [notice] 1#1: worker process 37 exited with code 0
2021/09/22 10:03:40 [notice] 1#1: worker process 40 exited with code 0
2021/09/22 10:03:40 [notice] 1#1: worker process 41 exited with code 0
2021/09/22 10:03:40 [notice] 1#1: worker process 42 exited with code 0
2021/09/22 10:03:40 [notice] 1#1: worker process 43 exited with code 0
2021/09/22 10:03:40 [notice] 1#1: worker process 44 exited with code 0
2021/09/22 10:03:40 [notice] 1#1: signal 29 (SIGIO) received
2021/09/22 10:03:40 [notice] 1#1: signal 17 (SIGCHLD) received from 44
2021/09/22 10:03:40 [notice] 1#1: signal 17 (SIGCHLD) received from 35
2021/09/22 10:03:40 [notice] 1#1: worker process 35 exited with code 0
2021/09/22 10:03:40 [notice] 1#1: signal 29 (SIGIO) received
2021/09/22 10:03:40 [notice] 1#1: signal 17 (SIGCHLD) received from 39
2021/09/22 10:03:40 [notice] 1#1: worker process 34 exited with code 0
2021/09/22 10:03:40 [notice] 1#1: worker process 39 exited with code 0
2021/09/22 10:03:40 [notice] 1#1: signal 29 (SIGIO) received
2021/09/22 10:03:40 [notice] 1#1: signal 17 (SIGCHLD) received from 34
2021/09/22 10:03:40 [notice] 1#1: signal 17 (SIGCHLD) received from 36
2021/09/22 10:03:40 [notice] 1#1: worker process 30 exited with code 0
2021/09/22 10:03:40 [notice] 1#1: worker process 36 exited with code 0
2021/09/22 10:03:40 [notice] 1#1: worker process 45 exited with code 0
2021/09/22 10:03:40 [notice] 1#1: signal 29 (SIGIO) received
2021/09/22 10:03:40 [notice] 1#1: signal 17 (SIGCHLD) received from 30
2021/09/22 10:03:40 [notice] 1#1: signal 17 (SIGCHLD) received from 32
2021/09/22 10:03:40 [notice] 1#1: worker process 32 exited with code 0
2021/09/22 10:03:40 [notice] 1#1: worker process 38 exited with code 0
2021/09/22 10:03:40 [notice] 1#1: exit
2021/09/22 10:04:13 [emerg] 1#1: "user" directive is not allowed here in /etc/nginx/conf.d/default.conf:2
2021/09/22 10:04:16 [emerg] 1#1: "user" directive is not allowed here in /etc/nginx/conf.d/default.conf:2
2021/09/22 10:04:18 [emerg] 1#1: "user" directive is not allowed here in /etc/nginx/conf.d/default.conf:2
2021/09/22 10:04:20 [emerg] 1#1: "user" directive is not allowed here in /etc/nginx/conf.d/default.conf:2
2021/09/22 10:04:22 [emerg] 1#1: "user" directive is not allowed here in /etc/nginx/conf.d/default.conf:2
2021/09/22 10:04:25 [emerg] 1#1: "user" directive is not allowed here in /etc/nginx/conf.d/default.conf:2
2021/09/22 10:04:29 [emerg] 1#1: "user" directive is not allowed here in /etc/nginx/conf.d/default.conf:2
2021/09/22 10:04:37 [emerg] 1#1: "user" directive is not allowed here in /etc/nginx/conf.d/default.conf:2
2021/09/22 10:04:51 [emerg] 1#1: "user" directive is not allowed here in /etc/nginx/conf.d/default.conf:2
2021/09/22 10:05:18 [emerg] 1#1: "user" directive is not allowed here in /etc/nginx/conf.d/default.conf:2
2021/09/22 10:06:10 [emerg] 1#1: "user" directive is not allowed here in /etc/nginx/conf.d/default.conf:2
2021/09/22 10:07:12 [emerg] 1#1: "user" directive is not allowed here in /etc/nginx/conf.d/default.conf:2
2021/09/22 10:07:52 [emerg] 1#1: "user" directive is not allowed here in /etc/nginx/conf.d/default.conf:2
2021/09/22 10:07:55 [emerg] 1#1: "user" directive is not allowed here in /etc/nginx/conf.d/default.conf:2
2021/09/22 10:07:57 [emerg] 1#1: "user" directive is not allowed here in /etc/nginx/conf.d/default.conf:2
2021/09/22 10:07:59 [emerg] 1#1: "user" directive is not allowed here in /etc/nginx/conf.d/default.conf:2
2021/09/22 10:08:01 [emerg] 1#1: "user" directive is not allowed here in /etc/nginx/conf.d/default.conf:2
2021/09/22 10:08:04 [emerg] 1#1: "user" directive is not allowed here in /etc/nginx/conf.d/default.conf:2
2021/09/22 10:08:08 [emerg] 1#1: "user" directive is not allowed here in /etc/nginx/conf.d/default.conf:2
2021/09/22 10:08:16 [emerg] 1#1: "user" directive is not allowed here in /etc/nginx/conf.d/default.conf:2
2021/09/22 10:08:30 [emerg] 1#1: "user" directive is not allowed here in /etc/nginx/conf.d/default.conf:2
2021/09/22 10:08:57 [emerg] 1#1: "user" directive is not allowed here in /etc/nginx/conf.d/default.conf:2
2021/09/22 10:18:43 [emerg] 1#1: "user" directive is not allowed here in /etc/nginx/conf.d/default.conf:2
2021/09/22 10:18:46 [emerg] 1#1: "user" directive is not allowed here in /etc/nginx/conf.d/default.conf:2
2021/09/22 10:18:48 [emerg] 1#1: "user" directive is not allowed here in /etc/nginx/conf.d/default.conf:2
2021/09/22 10:18:50 [emerg] 1#1: "user" directive is not allowed here in /etc/nginx/conf.d/default.conf:2
2021/09/22 10:18:52 [emerg] 1#1: "user" directive is not allowed here in /etc/nginx/conf.d/default.conf:2
2021/09/22 10:18:55 [emerg] 1#1: "user" directive is not allowed here in /etc/nginx/conf.d/default.conf:2
2021/09/22 10:18:59 [emerg] 1#1: "user" directive is not allowed here in /etc/nginx/conf.d/default.conf:2
2021/09/22 10:19:07 [emerg] 1#1: "user" directive is not allowed here in /etc/nginx/conf.d/default.conf:2
2021/09/22 10:19:21 [emerg] 1#1: "user" directive is not allowed here in /etc/nginx/conf.d/default.conf:2
2021/09/22 10:19:48 [emerg] 1#1: "user" directive is not allowed here in /etc/nginx/conf.d/default.conf:2
2021/09/22 10:20:40 [emerg] 1#1: "user" directive is not allowed here in /etc/nginx/conf.d/default.conf:2
2021/09/22 10:21:42 [emerg] 1#1: "user" directive is not allowed here in /etc/nginx/conf.d/default.conf:2
2021/09/22 10:22:43 [emerg] 1#1: "user" directive is not allowed here in /etc/nginx/conf.d/default.conf:2
2021/09/22 10:23:44 [emerg] 1#1: "user" directive is not allowed here in /etc/nginx/conf.d/default.conf:2
2021/09/22 10:24:45 [emerg] 1#1: "user" directive is not allowed here in /etc/nginx/conf.d/default.conf:2
2021/09/22 10:25:46 [emerg] 1#1: "user" directive is not allowed here in /etc/nginx/conf.d/default.conf:2
2021/09/22 10:26:47 [emerg] 1#1: "user" directive is not allowed here in /etc/nginx/conf.d/default.conf:2
2021/09/22 10:27:49 [emerg] 1#1: "user" directive is not allowed here in /etc/nginx/conf.d/default.conf:2
2021/09/22 10:28:50 [emerg] 1#1: "user" directive is not allowed here in /etc/nginx/conf.d/default.conf:2
2021/09/22 10:29:51 [emerg] 1#1: "user" directive is not allowed here in /etc/nginx/conf.d/default.conf:2
2021/09/22 10:30:53 [emerg] 1#1: "user" directive is not allowed here in /etc/nginx/conf.d/default.conf:2
2021/09/22 10:31:54 [emerg] 1#1: "user" directive is not allowed here in /etc/nginx/conf.d/default.conf:2
2021/09/22 10:32:56 [emerg] 1#1: "user" directive is not allowed here in /etc/nginx/conf.d/default.conf:2
2021/09/22 10:33:57 [emerg] 1#1: "user" directive is not allowed here in /etc/nginx/conf.d/default.conf:2
2021/09/22 10:34:58 [emerg] 1#1: "user" directive is not allowed here in /etc/nginx/conf.d/default.conf:2
2021/09/22 10:36:00 [emerg] 1#1: "user" directive is not allowed here in /etc/nginx/conf.d/default.conf:2
2021/09/22 10:37:01 [emerg] 1#1: "user" directive is not allowed here in /etc/nginx/conf.d/default.conf:2
2021/09/22 10:38:03 [emerg] 1#1: "user" directive is not allowed here in /etc/nginx/conf.d/default.conf:2
2021/09/22 10:39:04 [emerg] 1#1: "user" directive is not allowed here in /etc/nginx/conf.d/default.conf:2
2021/09/22 10:40:05 [emerg] 1#1: "user" directive is not allowed here in /etc/nginx/conf.d/default.conf:2
2021/09/22 10:41:07 [emerg] 1#1: "user" directive is not allowed here in /etc/nginx/conf.d/default.conf:2
2021/09/22 10:42:08 [emerg] 1#1: "user" directive is not allowed here in /etc/nginx/conf.d/default.conf:2
2021/09/22 10:43:10 [emerg] 1#1: "user" directive is not allowed here in /etc/nginx/conf.d/default.conf:2
2021/09/22 10:44:11 [emerg] 1#1: "user" directive is not allowed here in /etc/nginx/conf.d/default.conf:2
2021/09/22 10:45:12 [emerg] 1#1: "user" directive is not allowed here in /etc/nginx/conf.d/default.conf:2
2021/09/22 10:46:14 [emerg] 1#1: "user" directive is not allowed here in /etc/nginx/conf.d/default.conf:2
2021/09/22 10:47:15 [emerg] 1#1: "user" directive is not allowed here in /etc/nginx/conf.d/default.conf:2
2021/09/22 10:48:17 [emerg] 1#1: "user" directive is not allowed here in /etc/nginx/conf.d/default.conf:2
2021/09/22 10:49:18 [emerg] 1#1: "user" directive is not allowed here in /etc/nginx/conf.d/default.conf:2
2021/09/22 10:50:20 [emerg] 1#1: "user" directive is not allowed here in /etc/nginx/conf.d/default.conf:2
2021/09/22 10:51:21 [emerg] 1#1: "user" directive is not allowed here in /etc/nginx/conf.d/default.conf:2
2021/09/22 10:52:22 [emerg] 1#1: "user" directive is not allowed here in /etc/nginx/conf.d/default.conf:2
2021/09/22 10:53:23 [emerg] 1#1: "user" directive is not allowed here in /etc/nginx/conf.d/default.conf:2
2021/09/22 10:54:25 [emerg] 1#1: "user" directive is not allowed here in /etc/nginx/conf.d/default.conf:2
2021/09/22 10:55:26 [emerg] 1#1: "user" directive is not allowed here in /etc/nginx/conf.d/default.conf:2
2021/09/22 10:56:27 [emerg] 1#1: "user" directive is not allowed here in /etc/nginx/conf.d/default.conf:2
2021/09/22 10:57:29 [emerg] 1#1: "user" directive is not allowed here in /etc/nginx/conf.d/default.conf:2
2021/09/22 10:58:30 [emerg] 1#1: "user" directive is not allowed here in /etc/nginx/conf.d/default.conf:2
2021/09/22 10:59:31 [emerg] 1#1: "user" directive is not allowed here in /etc/nginx/conf.d/default.conf:2
2021/09/22 11:00:33 [emerg] 1#1: "user" directive is not allowed here in /etc/nginx/conf.d/default.conf:2
2021/09/22 11:01:34 [emerg] 1#1: "user" directive is not allowed here in /etc/nginx/conf.d/default.conf:2
2021/09/22 11:02:36 [emerg] 1#1: "user" directive is not allowed here in /etc/nginx/conf.d/default.conf:2
2021/09/22 11:03:37 [emerg] 1#1: "user" directive is not allowed here in /etc/nginx/conf.d/default.conf:2
2021/09/22 11:04:39 [emerg] 1#1: "user" directive is not allowed here in /etc/nginx/conf.d/default.conf:2
2021/09/22 11:05:40 [emerg] 1#1: "user" directive is not allowed here in /etc/nginx/conf.d/default.conf:2
2021/09/22 11:06:41 [emerg] 1#1: "user" directive is not allowed here in /etc/nginx/conf.d/default.conf:2
2021/09/22 11:07:43 [emerg] 1#1: "user" directive is not allowed here in /etc/nginx/conf.d/default.conf:2
2021/09/22 11:08:18 [emerg] 1#1: "user" directive is not allowed here in /etc/nginx/conf.d/default.conf:2
2021/09/22 11:08:21 [emerg] 1#1: "user" directive is not allowed here in /etc/nginx/conf.d/default.conf:2
2021/09/22 11:08:23 [emerg] 1#1: "user" directive is not allowed here in /etc/nginx/conf.d/default.conf:2
2021/09/22 11:08:25 [emerg] 1#1: "user" directive is not allowed here in /etc/nginx/conf.d/default.conf:2
2021/09/22 11:08:27 [emerg] 1#1: "user" directive is not allowed here in /etc/nginx/conf.d/default.conf:2
2021/09/22 11:08:30 [emerg] 1#1: "user" directive is not allowed here in /etc/nginx/conf.d/default.conf:2
2021/09/22 11:08:35 [emerg] 1#1: "user" directive is not allowed here in /etc/nginx/conf.d/default.conf:2
2021/09/22 11:08:42 [emerg] 1#1: "user" directive is not allowed here in /etc/nginx/conf.d/default.conf:2
2021/09/22 11:08:56 [emerg] 1#1: "user" directive is not allowed here in /etc/nginx/conf.d/default.conf:2
2022/02/06 16:01:34 [emerg] 1#1: "user" directive is not allowed here in /etc/nginx/conf.d/default.conf:2
2022/02/06 16:01:37 [emerg] 1#1: "user" directive is not allowed here in /etc/nginx/conf.d/default.conf:2
2022/02/06 16:01:38 [emerg] 1#1: "user" directive is not allowed here in /etc/nginx/conf.d/default.conf:2
2022/02/06 16:01:39 [emerg] 1#1: "user" directive is not allowed here in /etc/nginx/conf.d/default.conf:2
2022/02/06 16:01:40 [emerg] 1#1: "user" directive is not allowed here in /etc/nginx/conf.d/default.conf:2
2022/02/06 16:01:42 [emerg] 1#1: "user" directive is not allowed here in /etc/nginx/conf.d/default.conf:2
2022/02/06 16:01:46 [emerg] 1#1: "user" directive is not allowed here in /etc/nginx/conf.d/default.conf:2
2022/02/06 16:01:53 [emerg] 1#1: "user" directive is not allowed here in /etc/nginx/conf.d/default.conf:2
2022/02/06 16:02:06 [emerg] 1#1: "user" directive is not allowed here in /etc/nginx/conf.d/default.conf:2
2022/02/06 16:02:32 [emerg] 1#1: "user" directive is not allowed here in /etc/nginx/conf.d/default.conf:2
2022/02/06 16:20:37 [emerg] 1#1: "user" directive is not allowed here in /etc/nginx/conf.d/default.conf:2
2022/02/06 16:20:38 [emerg] 1#1: "user" directive is not allowed here in /etc/nginx/conf.d/default.conf:2
2022/02/06 16:20:39 [emerg] 1#1: "user" directive is not allowed here in /etc/nginx/conf.d/default.conf:2
2022/02/06 16:20:41 [emerg] 1#1: "user" directive is not allowed here in /etc/nginx/conf.d/default.conf:2
2022/02/06 16:20:42 [emerg] 1#1: "user" directive is not allowed here in /etc/nginx/conf.d/default.conf:2
2022/02/06 16:20:44 [emerg] 1#1: "user" directive is not allowed here in /etc/nginx/conf.d/default.conf:2
2022/02/06 16:20:48 [emerg] 1#1: "user" directive is not allowed here in /etc/nginx/conf.d/default.conf:2
2022/02/06 16:20:55 [emerg] 1#1: "user" directive is not allowed here in /etc/nginx/conf.d/default.conf:2
2022/02/06 16:21:08 [emerg] 1#1: "user" directive is not allowed here in /etc/nginx/conf.d/default.conf:2
2022/02/06 16:21:34 [emerg] 1#1: "user" directive is not allowed here in /etc/nginx/conf.d/default.conf:2
2022/02/06 16:22:26 [emerg] 1#1: "user" directive is not allowed here in /etc/nginx/conf.d/default.conf:2
2022/02/06 16:24:59 [emerg] 1#1: "user" directive is not allowed here in /etc/nginx/conf.d/default.conf:2
2022/02/06 16:25:00 [emerg] 1#1: "user" directive is not allowed here in /etc/nginx/conf.d/default.conf:2
2022/02/06 16:25:01 [emerg] 1#1: "user" directive is not allowed here in /etc/nginx/conf.d/default.conf:2
2022/02/06 16:25:02 [emerg] 1#1: "user" directive is not allowed here in /etc/nginx/conf.d/default.conf:2
2022/02/06 16:25:03 [emerg] 1#1: "user" directive is not allowed here in /etc/nginx/conf.d/default.conf:2
2022/02/06 16:25:05 [emerg] 1#1: "user" directive is not allowed here in /etc/nginx/conf.d/default.conf:2
2022/02/06 16:25:09 [emerg] 1#1: "user" directive is not allowed here in /etc/nginx/conf.d/default.conf:2
2022/02/06 16:25:16 [emerg] 1#1: "user" directive is not allowed here in /etc/nginx/conf.d/default.conf:2
2022/02/06 16:25:29 [emerg] 1#1: "user" directive is not allowed here in /etc/nginx/conf.d/default.conf:2
2022/02/06 16:25:55 [emerg] 1#1: "user" directive is not allowed here in /etc/nginx/conf.d/default.conf:2
2022/02/06 16:26:47 [emerg] 1#1: "user" directive is not allowed here in /etc/nginx/conf.d/default.conf:2
2022/02/06 16:27:51 [emerg] 1#1: "user" directive is not allowed here in /etc/nginx/conf.d/default.conf:2
2022/02/06 16:27:52 [emerg] 1#1: "user" directive is not allowed here in /etc/nginx/conf.d/default.conf:2
2022/02/06 16:27:53 [emerg] 1#1: "user" directive is not allowed here in /etc/nginx/conf.d/default.conf:2
2022/02/06 16:27:54 [emerg] 1#1: "user" directive is not allowed here in /etc/nginx/conf.d/default.conf:2
2022/02/06 16:27:55 [emerg] 1#1: "user" directive is not allowed here in /etc/nginx/conf.d/default.conf:2
2022/02/06 16:27:57 [emerg] 1#1: "user" directive is not allowed here in /etc/nginx/conf.d/default.conf:2
2022/02/06 16:28:01 [emerg] 1#1: "user" directive is not allowed here in /etc/nginx/conf.d/default.conf:2
2022/02/06 16:28:08 [emerg] 1#1: "user" directive is not allowed here in /etc/nginx/conf.d/default.conf:2
2022/02/06 16:28:21 [emerg] 1#1: "user" directive is not allowed here in /etc/nginx/conf.d/default.conf:2
2022/02/06 16:28:47 [emerg] 1#1: "user" directive is not allowed here in /etc/nginx/conf.d/default.conf:2
2022/02/06 16:29:39 [emerg] 1#1: "user" directive is not allowed here in /etc/nginx/conf.d/default.conf:2
2022/02/06 16:30:39 [emerg] 1#1: "user" directive is not allowed here in /etc/nginx/conf.d/default.conf:2
2022/02/06 16:31:08 [emerg] 1#1: "user" directive is not allowed here in /etc/nginx/conf.d/default.conf:2
2022/02/06 16:31:09 [emerg] 1#1: "user" directive is not allowed here in /etc/nginx/conf.d/default.conf:2
2022/02/06 16:31:10 [emerg] 1#1: "user" directive is not allowed here in /etc/nginx/conf.d/default.conf:2
2022/02/06 16:31:11 [emerg] 1#1: "user" directive is not allowed here in /etc/nginx/conf.d/default.conf:2
2022/02/06 16:31:12 [emerg] 1#1: "user" directive is not allowed here in /etc/nginx/conf.d/default.conf:2
2022/02/06 16:31:14 [emerg] 1#1: "user" directive is not allowed here in /etc/nginx/conf.d/default.conf:2
2022/02/06 16:31:18 [emerg] 1#1: "user" directive is not allowed here in /etc/nginx/conf.d/default.conf:2
2022/02/06 16:31:25 [emerg] 1#1: "user" directive is not allowed here in /etc/nginx/conf.d/default.conf:2
2022/02/06 16:31:38 [emerg] 1#1: "user" directive is not allowed here in /etc/nginx/conf.d/default.conf:2
